{"/home/samuel/FUTEBOLTRYBER/Trybe-Futebol-Clube/backend/src/app.ts":{"path":"/home/samuel/FUTEBOLTRYBER/Trybe-Futebol-Clube/backend/src/app.ts","statementMap":{"0":{"start":{"line":2,"column":0},"end":{"line":2,"column":62}},"1":{"start":{"line":3,"column":0},"end":{"line":3,"column":35}},"2":{"start":{"line":4,"column":16},"end":{"line":4,"column":34}},"3":{"start":{"line":5,"column":0},"end":{"line":5,"column":32}},"4":{"start":{"line":6,"column":0},"end":{"line":6,"column":25}},"5":{"start":{"line":7,"column":15},"end":{"line":7,"column":39}},"6":{"start":{"line":8,"column":15},"end":{"line":8,"column":39}},"7":{"start":{"line":9,"column":16},"end":{"line":9,"column":41}},"8":{"start":{"line":10,"column":22},"end":{"line":10,"column":53}},"9":{"start":{"line":15,"column":8},"end":{"line":15,"column":48}},"10":{"start":{"line":16,"column":8},"end":{"line":16,"column":47}},"11":{"start":{"line":17,"column":8},"end":{"line":17,"column":49}},"12":{"start":{"line":18,"column":8},"end":{"line":18,"column":56}},"13":{"start":{"line":20,"column":8},"end":{"line":20,"column":29}},"14":{"start":{"line":21,"column":8},"end":{"line":21,"column":22}},"15":{"start":{"line":25,"column":30},"end":{"line":30,"column":9}},"16":{"start":{"line":26,"column":12},"end":{"line":26,"column":59}},"17":{"start":{"line":27,"column":12},"end":{"line":27,"column":92}},"18":{"start":{"line":28,"column":12},"end":{"line":28,"column":60}},"19":{"start":{"line":29,"column":12},"end":{"line":29,"column":19}},"20":{"start":{"line":31,"column":8},"end":{"line":31,"column":36}},"21":{"start":{"line":32,"column":8},"end":{"line":32,"column":37}},"22":{"start":{"line":33,"column":8},"end":{"line":33,"column":56}},"23":{"start":{"line":34,"column":8},"end":{"line":34,"column":55}},"24":{"start":{"line":35,"column":8},"end":{"line":35,"column":57}},"25":{"start":{"line":36,"column":8},"end":{"line":36,"column":63}},"26":{"start":{"line":42,"column":8},"end":{"line":44,"column":11}},"27":{"start":{"line":43,"column":12},"end":{"line":43,"column":52}},"28":{"start":{"line":47,"column":0},"end":{"line":47,"column":18}},"29":{"start":{"line":49,"column":0},"end":{"line":49,"column":28}}},"fnMap":{"0":{"name":"(anonymous_0)","decl":{"start":{"line":13,"column":4},"end":{"line":13,"column":5}},"loc":{"start":{"line":13,"column":18},"end":{"line":23,"column":5}},"line":13},"1":{"name":"(anonymous_1)","decl":{"start":{"line":24,"column":4},"end":{"line":24,"column":5}},"loc":{"start":{"line":24,"column":13},"end":{"line":39,"column":5}},"line":24},"2":{"name":"(anonymous_2)","decl":{"start":{"line":25,"column":30},"end":{"line":25,"column":31}},"loc":{"start":{"line":25,"column":51},"end":{"line":30,"column":9}},"line":25},"3":{"name":"(anonymous_3)","decl":{"start":{"line":41,"column":4},"end":{"line":41,"column":5}},"loc":{"start":{"line":41,"column":16},"end":{"line":45,"column":5}},"line":41},"4":{"name":"(anonymous_4)","decl":{"start":{"line":42,"column":30},"end":{"line":42,"column":31}},"loc":{"start":{"line":42,"column":36},"end":{"line":44,"column":9}},"line":42}},"branchMap":{},"s":{"0":1,"1":1,"2":1,"3":1,"4":1,"5":1,"6":1,"7":1,"8":1,"9":1,"10":1,"11":1,"12":1,"13":1,"14":1,"15":1,"16":0,"17":0,"18":0,"19":0,"20":1,"21":1,"22":1,"23":1,"24":1,"25":1,"26":0,"27":0,"28":1,"29":1},"f":{"0":1,"1":1,"2":0,"3":0,"4":0},"b":{},"inputSourceMap":{"version":3,"file":"/home/samuel/FUTEBOLTRYBER/Trybe-Futebol-Clube/backend/src/app.ts","sources":["/home/samuel/FUTEBOLTRYBER/Trybe-Futebol-Clube/backend/src/app.ts"],"names":[],"mappings":";;;AAAA,mCAAmC;AACnC,gCAA8B;AAC9B,yBAAuB;AAEvB,wCAAwC;AACxC,wCAAuC;AACvC,0CAAyC;AACzC,sDAAuD;AACvD,0DAA0D;AAE1D,MAAM,GAAG;IAYP;QATA,MAAM;QACE,gBAAW,GAAG,IAAI,cAAW,EAAE,CAAC;QAEhC,eAAU,GAAG,IAAI,cAAU,EAAE,CAAC;QAE9B,gBAAW,GAAG,IAAI,eAAW,EAAE,CAAC;QAEhC,iBAAY,GAAG,IAAI,qBAAmB,EAAE,CAAC;QAG/C,MAAM;QACN,IAAI,CAAC,GAAG,GAAG,OAAO,EAAE,CAAC;QACrB,IAAI,CAAC,MAAM,EAAE,CAAC;QAEd,MAAM;IACR,CAAC;IAEO,MAAM;QACZ,MAAM,aAAa,GAA2B,CAAC,IAAI,EAAE,GAAG,EAAE,IAAI,EAAE,EAAE;YAChE,GAAG,CAAC,MAAM,CAAC,6BAA6B,EAAE,GAAG,CAAC,CAAC;YAC/C,GAAG,CAAC,MAAM,CAAC,8BAA8B,EAAE,mCAAmC,CAAC,CAAC;YAChF,GAAG,CAAC,MAAM,CAAC,8BAA8B,EAAE,GAAG,CAAC,CAAC;YAChD,IAAI,EAAE,CAAC;QACT,CAAC,CAAC;QAEF,IAAI,CAAC,GAAG,CAAC,GAAG,CAAC,aAAa,CAAC,CAAC;QAC5B,IAAI,CAAC,GAAG,CAAC,GAAG,CAAC,OAAO,CAAC,IAAI,EAAE,CAAC,CAAC;QAC7B,IAAI,CAAC,GAAG,CAAC,GAAG,CAAC,QAAQ,EAAE,IAAI,CAAC,WAAW,CAAC,MAAM,CAAC,CAAC;QAChD,IAAI,CAAC,GAAG,CAAC,GAAG,CAAC,QAAQ,EAAE,IAAI,CAAC,UAAU,CAAC,MAAM,CAAC,CAAC;QAC/C,IAAI,CAAC,GAAG,CAAC,GAAG,CAAC,SAAS,EAAE,IAAI,CAAC,WAAW,CAAC,MAAM,CAAC,CAAC;QACjD,IAAI,CAAC,GAAG,CAAC,GAAG,CAAC,cAAc,EAAE,IAAI,CAAC,YAAY,CAAC,MAAM,CAAC,CAAC;QAEvD,gCAAgC;QAEhC,MAAM;IACR,CAAC;IAED,MAAM;IACC,KAAK,CAAC,IAAqB;QAChC,IAAI,CAAC,GAAG,CAAC,MAAM,CAAC,IAAI,EAAE,GAAG,EAAE;YACzB,OAAO,CAAC,GAAG,CAAC,oBAAoB,IAAI,EAAE,CAAC,CAAC;QAC1C,CAAC,CAAC,CAAC;IACL,CAAC;CACF;AAEQ,kBAAG;AAEZ,8DAA8D;AAC/C,WAAG,GAAK,IAAI,GAAG,EAAE,KAAC","sourcesContent":["import * as express from 'express';\nimport 'express-async-errors';\nimport 'dotenv/config';\n\nimport LoginRouter from './routes/User';\nimport ClubRouter from './routes/Club';\nimport MatchRouter from './routes/Match';\nimport LeaderBoarderRouter from './routes/LeaderBoard';\n/* import domainError from './middlewares/domainError'; */\n\nclass App {\n  public app: express.Express;\n\n  // ...\n  private loginRouter = new LoginRouter();\n\n  private clubRouter = new ClubRouter();\n\n  private matchRouter = new MatchRouter();\n\n  private leaderRouter = new LeaderBoarderRouter();\n\n  constructor() {\n    // ...\n    this.app = express();\n    this.config();\n\n    // ...\n  }\n\n  private config():void {\n    const accessControl: express.RequestHandler = (_req, res, next) => {\n      res.header('Access-Control-Allow-Origin', '*');\n      res.header('Access-Control-Allow-Methods', 'GET,POST,DELETE,OPTIONS,PUT,PATCH');\n      res.header('Access-Control-Allow-Headers', '*');\n      next();\n    };\n\n    this.app.use(accessControl);\n    this.app.use(express.json());\n    this.app.use('/login', this.loginRouter.router);\n    this.app.use('/clubs', this.clubRouter.router);\n    this.app.use('/matchs', this.matchRouter.router);\n    this.app.use('/leaderboard', this.leaderRouter.router);\n\n    /* this.app.use(domainError); */\n\n    // ...\n  }\n\n  // ...\n  public start(PORT: string | number):void {\n    this.app.listen(PORT, () => {\n      console.log(`Rodando na porta ${PORT}`);\n    });\n  }\n}\n\nexport { App };\n\n// A execução dos testes de cobertura depende dessa exportação\nexport const { app } = new App();\n"]},"_coverageSchema":"1a1c01bbd47fc00a2c39e90264f33305004495a9","hash":"2f5a317f9a3e229e9d014ed93cd4a6ea65900def","contentHash":"92e64f912540e6c96f47e0ed798497bf7bd02d5ace536166798f33de1fc2bf0a"},"/home/samuel/FUTEBOLTRYBER/Trybe-Futebol-Clube/backend/src/routes/User.ts":{"path":"/home/samuel/FUTEBOLTRYBER/Trybe-Futebol-Clube/backend/src/routes/User.ts","statementMap":{"0":{"start":{"line":2,"column":0},"end":{"line":2,"column":62}},"1":{"start":{"line":3,"column":18},"end":{"line":3,"column":36}},"2":{"start":{"line":4,"column":31},"end":{"line":4,"column":82}},"3":{"start":{"line":5,"column":25},"end":{"line":5,"column":70}},"4":{"start":{"line":6,"column":25},"end":{"line":6,"column":65}},"5":{"start":{"line":7,"column":23},"end":{"line":7,"column":61}},"6":{"start":{"line":10,"column":8},"end":{"line":10,"column":61}},"7":{"start":{"line":11,"column":8},"end":{"line":11,"column":63}},"8":{"start":{"line":12,"column":8},"end":{"line":12,"column":61}},"9":{"start":{"line":13,"column":8},"end":{"line":13,"column":57}},"10":{"start":{"line":14,"column":8},"end":{"line":14,"column":46}},"11":{"start":{"line":15,"column":8},"end":{"line":15,"column":21}},"12":{"start":{"line":18,"column":8},"end":{"line":18,"column":92}},"13":{"start":{"line":19,"column":8},"end":{"line":19,"column":94}},"14":{"start":{"line":22,"column":0},"end":{"line":22,"column":30}}},"fnMap":{"0":{"name":"(anonymous_0)","decl":{"start":{"line":9,"column":4},"end":{"line":9,"column":5}},"loc":{"start":{"line":9,"column":18},"end":{"line":16,"column":5}},"line":9},"1":{"name":"(anonymous_1)","decl":{"start":{"line":17,"column":4},"end":{"line":17,"column":5}},"loc":{"start":{"line":17,"column":12},"end":{"line":20,"column":5}},"line":17}},"branchMap":{},"s":{"0":1,"1":1,"2":1,"3":1,"4":1,"5":1,"6":1,"7":1,"8":1,"9":1,"10":1,"11":1,"12":1,"13":1,"14":1},"f":{"0":1,"1":1},"b":{},"inputSourceMap":{"version":3,"file":"/home/samuel/FUTEBOLTRYBER/Trybe-Futebol-Clube/backend/src/routes/User.ts","sources":["/home/samuel/FUTEBOLTRYBER/Trybe-Futebol-Clube/backend/src/routes/User.ts"],"names":[],"mappings":";;AAAA,qCAAiC;AACjC,mFAA4E;AAC5E,uEAAgE;AAChE,kEAA8D;AAC9D,8DAAuD;AAEvD,MAAM,WAAW;IAWf;QARQ,mBAAc,GAAG,IAAI,wBAAc,EAAE,CAAC;QAEtC,eAAU,GAAG,IAAI,8BAAoB,EAAE,CAAC;QAExC,mBAAc,GAAG,IAAI,wBAAiB,EAAE,CAAC;QAEzC,iBAAY,GAAG,IAAI,sBAAY,EAAE,CAAC;QAGxC,IAAI,CAAC,MAAM,GAAG,IAAA,gBAAM,GAAE,CAAC;QACvB,IAAI,CAAC,KAAK,EAAE,CAAC;IACf,CAAC;IAEO,KAAK;QACX,IAAI,CAAC,MAAM,CAAC,GAAG,CACb,WAAW,EACX,IAAI,CAAC,YAAY,CAAC,WAAW,EAC7B,IAAI,CAAC,UAAU,CAAC,MAAM,CACvB,CAAC;QACF,IAAI,CAAC,MAAM,CAAC,IAAI,CAAC,GAAG,EAAE,IAAI,CAAC,cAAc,CAAC,aAAa,EAAE,IAAI,CAAC,cAAc,CAAC,OAAO,CAAC,CAAC;IACxF,CAAC;CACF;AAED,kBAAe,WAAW,CAAC","sourcesContent":["import { Router } from 'express';\nimport VerifyAuthController from '../controllers/User/VerifyControllerAuth';\nimport ControllerUser from '../controllers/User/ControllerUser';\nimport VerifyValidFields from '../middlewares/userMiddleware';\nimport ValidateAuth from '../middlewares/validateAuth';\n\nclass LoginRouter {\n  public router: Router;\n\n  private userController = new ControllerUser();\n\n  private verifyAuth = new VerifyAuthController();\n\n  private validateFields = new VerifyValidFields();\n\n  private validateAuth = new ValidateAuth();\n\n  constructor() {\n    this.router = Router();\n    this.start();\n  }\n\n  private start() {\n    this.router.get(\n      '/validate',\n      this.validateAuth.verifyToken,\n      this.verifyAuth.handle,\n    );\n    this.router.post('/', this.validateFields.verifyRequest, this.userController.readOne);\n  }\n}\n\nexport default LoginRouter;\n"]},"_coverageSchema":"1a1c01bbd47fc00a2c39e90264f33305004495a9","hash":"acd5649c401d6ade4e62e3e540c860c42804c5e9","contentHash":"4aab2ce63e5919d5762e7c72cf198c117b60989ff39dde4999a6cecd260eb603"},"/home/samuel/FUTEBOLTRYBER/Trybe-Futebol-Clube/backend/src/controllers/User/VerifyControllerAuth.ts":{"path":"/home/samuel/FUTEBOLTRYBER/Trybe-Futebol-Clube/backend/src/controllers/User/VerifyControllerAuth.ts","statementMap":{"0":{"start":{"line":2,"column":0},"end":{"line":2,"column":62}},"1":{"start":{"line":3,"column":21},"end":{"line":3,"column":54}},"2":{"start":{"line":6,"column":8},"end":{"line":6,"column":47}},"3":{"start":{"line":7,"column":8},"end":{"line":14,"column":10}},"4":{"start":{"line":8,"column":36},"end":{"line":8,"column":39}},"5":{"start":{"line":9,"column":12},"end":{"line":12,"column":13}},"6":{"start":{"line":10,"column":32},"end":{"line":10,"column":64}},"7":{"start":{"line":11,"column":16},"end":{"line":11,"column":82}},"8":{"start":{"line":13,"column":12},"end":{"line":13,"column":73}},"9":{"start":{"line":17,"column":0},"end":{"line":17,"column":39}}},"fnMap":{"0":{"name":"(anonymous_0)","decl":{"start":{"line":5,"column":4},"end":{"line":5,"column":5}},"loc":{"start":{"line":5,"column":18},"end":{"line":15,"column":5}},"line":5},"1":{"name":"(anonymous_1)","decl":{"start":{"line":7,"column":22},"end":{"line":7,"column":23}},"loc":{"start":{"line":7,"column":36},"end":{"line":14,"column":9}},"line":7}},"branchMap":{"0":{"loc":{"start":{"line":9,"column":12},"end":{"line":12,"column":13}},"type":"if","locations":[{"start":{"line":9,"column":12},"end":{"line":12,"column":13}},{"start":{"line":9,"column":12},"end":{"line":12,"column":13}}],"line":9}},"s":{"0":1,"1":1,"2":1,"3":1,"4":0,"5":0,"6":0,"7":0,"8":0,"9":1},"f":{"0":1,"1":0},"b":{"0":[0,0]},"inputSourceMap":{"version":3,"file":"/home/samuel/FUTEBOLTRYBER/Trybe-Futebol-Clube/backend/src/controllers/User/VerifyControllerAuth.ts","sources":["/home/samuel/FUTEBOLTRYBER/Trybe-Futebol-Clube/backend/src/controllers/User/VerifyControllerAuth.ts"],"names":[],"mappings":";;AACA,uDAAgD;AAEhD,MAAM,oBAAoB;IAA1B;QACU,eAAU,GAAG,oBAAU,CAAC;QAEhC,WAAM,GAAG,CAAC,GAAW,EAAE,GAAa,EAAE,EAAE;YACtC,MAAM,EAAE,WAAW,EAAE,GAAG,GAAG,CAAC;YAE5B,IAAI,CAAC,WAAW,EAAE;gBAChB,MAAM,OAAO,GAAG,gCAAgC,CAAC;gBACjD,OAAO,GAAG,CAAC,MAAM,CAAC,IAAI,CAAC,UAAU,CAAC,YAAY,CAAC,CAAC,IAAI,CAAC,EAAE,OAAO,EAAE,CAAC,CAAC;aACnE;YAED,OAAO,GAAG,CAAC,MAAM,CAAC,IAAI,CAAC,UAAU,CAAC,EAAE,CAAC,CAAC,IAAI,CAAC,WAAW,CAAC,IAAI,CAAC,CAAC;QAC/D,CAAC,CAAC;IACJ,CAAC;CAAA;AAED,kBAAe,oBAAoB,CAAC","sourcesContent":["import { Request, Response } from 'express';\nimport StatusCode from '../../utils/statusCode';\n\nclass VerifyAuthController {\n  private StatusCode = StatusCode;\n\n  handle = (req:Request, res: Response) => {\n    const { decodedUser } = req;\n\n    if (!decodedUser) {\n      const message = 'There is no team with such id!';\n      return res.status(this.StatusCode.Unauthorized).json({ message });\n    }\n\n    return res.status(this.StatusCode.Ok).json(decodedUser.role);\n  };\n}\n\nexport default VerifyAuthController;\n"]},"_coverageSchema":"1a1c01bbd47fc00a2c39e90264f33305004495a9","hash":"4ad3cfb1cefe8d6ac3ded063f9cb6155e0580af1","contentHash":"ac7eefc6f3dd7a89b3fb13faeb2d03682054fcb560ceda3719aa13aa5ce7649f"},"/home/samuel/FUTEBOLTRYBER/Trybe-Futebol-Clube/backend/src/utils/statusCode.ts":{"path":"/home/samuel/FUTEBOLTRYBER/Trybe-Futebol-Clube/backend/src/utils/statusCode.ts","statementMap":{"0":{"start":{"line":2,"column":0},"end":{"line":2,"column":62}},"1":{"start":{"line":4,"column":0},"end":{"line":11,"column":36}},"2":{"start":{"line":5,"column":4},"end":{"line":5,"column":80}},"3":{"start":{"line":6,"column":4},"end":{"line":6,"column":58}},"4":{"start":{"line":7,"column":4},"end":{"line":7,"column":66}},"5":{"start":{"line":8,"column":4},"end":{"line":8,"column":62}},"6":{"start":{"line":9,"column":4},"end":{"line":9,"column":56}},"7":{"start":{"line":10,"column":4},"end":{"line":10,"column":46}},"8":{"start":{"line":12,"column":0},"end":{"line":12,"column":29}}},"fnMap":{"0":{"name":"(anonymous_0)","decl":{"start":{"line":4,"column":1},"end":{"line":4,"column":2}},"loc":{"start":{"line":4,"column":23},"end":{"line":11,"column":1}},"line":4}},"branchMap":{"0":{"loc":{"start":{"line":11,"column":3},"end":{"line":11,"column":34}},"type":"binary-expr","locations":[{"start":{"line":11,"column":3},"end":{"line":11,"column":13}},{"start":{"line":11,"column":18},"end":{"line":11,"column":33}}],"line":11}},"s":{"0":1,"1":1,"2":1,"3":1,"4":1,"5":1,"6":1,"7":1,"8":1},"f":{"0":1},"b":{"0":[1,1]},"inputSourceMap":{"version":3,"file":"/home/samuel/FUTEBOLTRYBER/Trybe-Futebol-Clube/backend/src/utils/statusCode.ts","sources":["/home/samuel/FUTEBOLTRYBER/Trybe-Futebol-Clube/backend/src/utils/statusCode.ts"],"names":[],"mappings":";;AAAA,IAAK,UAOJ;AAPD,WAAK,UAAU;IACb,2EAAyB,CAAA;IACzB,qDAAc,CAAA;IACd,6DAAkB,CAAA;IAClB,yDAAgB,CAAA;IAChB,mDAAa,CAAA;IACb,yCAAQ,CAAA;AACV,CAAC,EAPI,UAAU,KAAV,UAAU,QAOd;AAED,kBAAe,UAAU,CAAC","sourcesContent":["enum StatusCode {\n  InternalServerError = 500,\n  NotFound = 404,\n  Unauthorized = 401,\n  BadRequest = 400,\n  Created = 201,\n  Ok = 200,\n}\n\nexport default StatusCode;\n"]},"_coverageSchema":"1a1c01bbd47fc00a2c39e90264f33305004495a9","hash":"e1ab2e9988f96d4c6ee2a940249e8c2cc02a4745","contentHash":"044158297a3a7a47d83225f750ec58cc1e8ba5252946c8d3c0b6169dac56aa78"},"/home/samuel/FUTEBOLTRYBER/Trybe-Futebol-Clube/backend/src/controllers/User/ControllerUser.ts":{"path":"/home/samuel/FUTEBOLTRYBER/Trybe-Futebol-Clube/backend/src/controllers/User/ControllerUser.ts","statementMap":{"0":{"start":{"line":2,"column":0},"end":{"line":2,"column":62}},"1":{"start":{"line":3,"column":22},"end":{"line":3,"column":64}},"2":{"start":{"line":4,"column":21},"end":{"line":4,"column":54}},"3":{"start":{"line":5,"column":21},"end":{"line":5,"column":54}},"4":{"start":{"line":8,"column":8},"end":{"line":8,"column":39}},"5":{"start":{"line":9,"column":8},"end":{"line":9,"column":47}},"6":{"start":{"line":10,"column":8},"end":{"line":10,"column":51}},"7":{"start":{"line":11,"column":8},"end":{"line":20,"column":10}},"8":{"start":{"line":12,"column":32},"end":{"line":12,"column":40}},"9":{"start":{"line":13,"column":25},"end":{"line":13,"column":72}},"10":{"start":{"line":14,"column":12},"end":{"line":17,"column":13}},"11":{"start":{"line":15,"column":16},"end":{"line":16,"column":70}},"12":{"start":{"line":18,"column":26},"end":{"line":18,"column":59}},"13":{"start":{"line":19,"column":12},"end":{"line":19,"column":85}},"14":{"start":{"line":23,"column":0},"end":{"line":23,"column":33}}},"fnMap":{"0":{"name":"(anonymous_0)","decl":{"start":{"line":7,"column":4},"end":{"line":7,"column":5}},"loc":{"start":{"line":7,"column":59},"end":{"line":21,"column":5}},"line":7},"1":{"name":"(anonymous_1)","decl":{"start":{"line":11,"column":23},"end":{"line":11,"column":24}},"loc":{"start":{"line":11,"column":43},"end":{"line":20,"column":9}},"line":11}},"branchMap":{"0":{"loc":{"start":{"line":7,"column":16},"end":{"line":7,"column":57}},"type":"default-arg","locations":[{"start":{"line":7,"column":30},"end":{"line":7,"column":57}}],"line":7},"1":{"loc":{"start":{"line":14,"column":12},"end":{"line":17,"column":13}},"type":"if","locations":[{"start":{"line":14,"column":12},"end":{"line":17,"column":13}},{"start":{"line":14,"column":12},"end":{"line":17,"column":13}}],"line":14}},"s":{"0":1,"1":1,"2":1,"3":1,"4":1,"5":1,"6":1,"7":1,"8":0,"9":0,"10":0,"11":0,"12":0,"13":0,"14":1},"f":{"0":1,"1":0},"b":{"0":[1],"1":[0,0]},"inputSourceMap":{"version":3,"file":"/home/samuel/FUTEBOLTRYBER/Trybe-Futebol-Clube/backend/src/controllers/User/ControllerUser.ts","sources":["/home/samuel/FUTEBOLTRYBER/Trybe-Futebol-Clube/backend/src/controllers/User/ControllerUser.ts"],"names":[],"mappings":";;AACA,iEAA0D;AAC1D,uDAAgD;AAEhD,uDAAgD;AAEhD,MAAM,cAAc;IAKlB,YAAoB,cAAc,IAAI,qBAAW,EAAE;QAA/B,gBAAW,GAAX,WAAW,CAAoB;QAJ3C,eAAU,GAAG,oBAAU,CAAC;QAExB,aAAQ,GAAG,IAAI,oBAAU,EAAE,CAAC;QAIpC,YAAO,GAAG,KAAK,EAAE,GAAY,EAAE,GAAa,EAAqB,EAAE;YACjE,MAAM,WAAW,GAAG,GAAG,CAAC,IAAgB,CAAC;YACzC,MAAM,IAAI,GAAG,MAAM,IAAI,CAAC,WAAW,CAAC,WAAW,CAAC,WAAW,CAAC,CAAC;YAC7D,IAAI,IAAI,KAAK,IAAI,EAAE;gBACjB,OAAO,GAAG,CAAC,MAAM,CAAC,IAAI,CAAC,UAAU,CAAC,YAAY,CAAC;qBAC5C,IAAI,CAAC,EAAE,OAAO,EAAE,6BAA6B,EAAE,CAAC,CAAC;aACrD;YAED,MAAM,KAAK,GAAG,IAAI,CAAC,QAAQ,CAAC,aAAa,CAAC,IAAI,CAAC,CAAC;YAEhD,OAAO,GAAG,CAAC,MAAM,CAAC,IAAI,CAAC,UAAU,CAAC,EAAE,CAAC,CAAC,IAAI,CAAC,EAAE,IAAI,EAAE,EAAE,GAAG,IAAI,EAAE,EAAE,KAAK,EAAE,CAAC,CAAC;QAC3E,CAAC,CAAC;IAboD,CAAC;CAcxD;AAED,kBAAe,cAAc,CAAC","sourcesContent":["import { Request, Response } from 'express';\nimport ServiceUser from '../../services/User/ServiceUser';\nimport StatusCode from '../../utils/statusCode';\nimport { IUserReq } from '../../interfaces/login';\nimport JwtMethods from '../../utils/jwtMethods';\n\nclass ControllerUser {\n  private StatusCode = StatusCode;\n\n  private jwtUtils = new JwtMethods();\n\n  constructor(private userService = new ServiceUser()) {}\n\n  readOne = async (req: Request, res: Response): Promise<Response> => {\n    const requestData = req.body as IUserReq;\n    const user = await this.userService.findOneUser(requestData);\n    if (user === null) {\n      return res.status(this.StatusCode.Unauthorized)\n        .json({ message: 'Incorrect email or password' });\n    }\n\n    const token = this.jwtUtils.generateToken(user);\n\n    return res.status(this.StatusCode.Ok).json({ user: { ...user }, token });\n  };\n}\n\nexport default ControllerUser;\n"]},"_coverageSchema":"1a1c01bbd47fc00a2c39e90264f33305004495a9","hash":"f01f3e2d50100037e9436a7c3d3ac51ba49673d8","contentHash":"b26f21f2ee5bedfbfb931fd951672b8b6df3fb7e703f4f9b5a8eb6dc90542e42"},"/home/samuel/FUTEBOLTRYBER/Trybe-Futebol-Clube/backend/src/services/User/ServiceUser.ts":{"path":"/home/samuel/FUTEBOLTRYBER/Trybe-Futebol-Clube/backend/src/services/User/ServiceUser.ts","statementMap":{"0":{"start":{"line":2,"column":0},"end":{"line":2,"column":62}},"1":{"start":{"line":3,"column":15},"end":{"line":3,"column":34}},"2":{"start":{"line":4,"column":15},"end":{"line":4,"column":61}},"3":{"start":{"line":7,"column":21},"end":{"line":7,"column":47}},"4":{"start":{"line":8,"column":8},"end":{"line":9,"column":41}},"5":{"start":{"line":9,"column":12},"end":{"line":9,"column":41}},"6":{"start":{"line":10,"column":31},"end":{"line":10,"column":74}},"7":{"start":{"line":11,"column":8},"end":{"line":12,"column":24}},"8":{"start":{"line":12,"column":12},"end":{"line":12,"column":24}},"9":{"start":{"line":13,"column":8},"end":{"line":18,"column":10}},"10":{"start":{"line":21,"column":0},"end":{"line":21,"column":30}}},"fnMap":{"0":{"name":"(anonymous_0)","decl":{"start":{"line":6,"column":4},"end":{"line":6,"column":5}},"loc":{"start":{"line":6,"column":43},"end":{"line":19,"column":5}},"line":6}},"branchMap":{"0":{"loc":{"start":{"line":8,"column":8},"end":{"line":9,"column":41}},"type":"if","locations":[{"start":{"line":8,"column":8},"end":{"line":9,"column":41}},{"start":{"line":8,"column":8},"end":{"line":9,"column":41}}],"line":8},"1":{"loc":{"start":{"line":11,"column":8},"end":{"line":12,"column":24}},"type":"if","locations":[{"start":{"line":11,"column":8},"end":{"line":12,"column":24}},{"start":{"line":11,"column":8},"end":{"line":12,"column":24}}],"line":11}},"s":{"0":1,"1":1,"2":1,"3":0,"4":0,"5":0,"6":0,"7":0,"8":0,"9":0,"10":1},"f":{"0":0},"b":{"0":[0,0],"1":[0,0]},"inputSourceMap":{"version":3,"file":"/home/samuel/FUTEBOLTRYBER/Trybe-Futebol-Clube/backend/src/services/User/ServiceUser.ts","sources":["/home/samuel/FUTEBOLTRYBER/Trybe-Futebol-Clube/backend/src/services/User/ServiceUser.ts"],"names":[],"mappings":";;AAAA,mCAAoC;AAEpC,8DAAuD;AAGvD,MAAM,WAAY,SAAQ,cAAI;IACrB,KAAK,CAAC,WAAW,CAAC,EAAE,QAAQ,EAAE,KAAK,EAAY;QACpD,MAAM,IAAI,GAAG,MAAM,IAAI,CAAC,QAAQ,CAAC,KAAK,CAAC,CAAC;QAExC,IAAI,CAAC,IAAI;YAAE,MAAM,IAAI,KAAK,CAAC,WAAW,CAAC,CAAC;QAExC,MAAM,cAAc,GAAG,MAAM,CAAC,WAAW,CAAC,QAAQ,EAAE,IAAI,CAAC,QAAQ,CAAC,CAAC;QAEnE,IAAI,CAAC,cAAc;YAAE,OAAO,IAAI,CAAC;QAEjC,OAAO;YACL,EAAE,EAAE,IAAI,CAAC,EAAE;YACX,QAAQ,EAAE,IAAI,CAAC,QAAQ;YACvB,IAAI,EAAE,IAAI,CAAC,IAAI;YACf,KAAK,EAAE,IAAI,CAAC,KAAK;SAElB,CAAC;IACJ,CAAC;CACF;AAED,kBAAe,WAAW,CAAC","sourcesContent":["import bcrypt = require('bcryptjs');\nimport IUserReq from '../../interfaces/login/IUserReq';\nimport User from '../../database/modelsSequelize/user';\nimport { IUserRes } from '../../interfaces/login';\n\nclass ServiceUser extends User {\n  public async findOneUser({ password, email }: IUserReq): Promise<IUserRes | null> {\n    const user = await this.findUser(email);\n\n    if (!user) throw new Error('Not Found');\n\n    const verifypassword = bcrypt.compareSync(password, user.password);\n\n    if (!verifypassword) return null;\n\n    return {\n      id: user.id,\n      username: user.username,\n      role: user.role,\n      email: user.email,\n\n    };\n  }\n}\n\nexport default ServiceUser;\n"]},"_coverageSchema":"1a1c01bbd47fc00a2c39e90264f33305004495a9","hash":"3b75643fe5724188eb478820620bc4a9aac33507","contentHash":"daf43219f25d0b802462d0aea3b4318107f379e42cbfe749c4507e918b074d8b"},"/home/samuel/FUTEBOLTRYBER/Trybe-Futebol-Clube/backend/src/database/modelsSequelize/user.ts":{"path":"/home/samuel/FUTEBOLTRYBER/Trybe-Futebol-Clube/backend/src/database/modelsSequelize/user.ts","statementMap":{"0":{"start":{"line":2,"column":0},"end":{"line":2,"column":62}},"1":{"start":{"line":3,"column":20},"end":{"line":3,"column":40}},"2":{"start":{"line":4,"column":11},"end":{"line":4,"column":23}},"3":{"start":{"line":8,"column":8},"end":{"line":8,"column":28}},"4":{"start":{"line":9,"column":8},"end":{"line":12,"column":10}},"5":{"start":{"line":10,"column":25},"end":{"line":10,"column":76}},"6":{"start":{"line":11,"column":12},"end":{"line":11,"column":24}},"7":{"start":{"line":15,"column":0},"end":{"line":45,"column":3}},"8":{"start":{"line":46,"column":0},"end":{"line":46,"column":23}}},"fnMap":{"0":{"name":"(anonymous_0)","decl":{"start":{"line":7,"column":4},"end":{"line":7,"column":5}},"loc":{"start":{"line":7,"column":18},"end":{"line":13,"column":5}},"line":7},"1":{"name":"(anonymous_1)","decl":{"start":{"line":9,"column":24},"end":{"line":9,"column":25}},"loc":{"start":{"line":9,"column":41},"end":{"line":12,"column":9}},"line":9}},"branchMap":{},"s":{"0":1,"1":1,"2":1,"3":1,"4":1,"5":0,"6":0,"7":1,"8":1},"f":{"0":1,"1":0},"b":{},"inputSourceMap":{"version":3,"file":"/home/samuel/FUTEBOLTRYBER/Trybe-Futebol-Clube/backend/src/database/modelsSequelize/user.ts","sources":["/home/samuel/FUTEBOLTRYBER/Trybe-Futebol-Clube/backend/src/database/modelsSequelize/user.ts"],"names":[],"mappings":";;AAAA,yCAA6C;AAC7C,wBAAmB;AACnB,yCAAyC;AAEzC,MAAM,IAAK,SAAQ,iBAAK;IAAxB;;QACE,aAAQ,GAAG,KAAK,EAAE,KAAa,EAAE,EAAE;YACjC,MAAM,IAAI,GAAG,MAAM,IAAI,CAAC,OAAO,CAAC,EAAE,KAAK,EAAE,EAAE,KAAK,EAAE,EAAE,GAAG,EAAE,IAAI,EAAE,CAAC,CAAC;YACjE,OAAO,IAAI,CAAC;QACd,CAAC,CAAC;IAWJ,CAAC;CAAA;AAED,IAAI,CAAC,IAAI,CAAC;IACR,EAAE,EAAE;QACF,IAAI,EAAE,qBAAS,CAAC,OAAO;QACvB,SAAS,EAAE,KAAK;QAChB,aAAa,EAAE,IAAI;QACnB,UAAU,EAAE,IAAI;KACjB;IACD,QAAQ,EAAE;QACR,IAAI,EAAE,qBAAS,CAAC,MAAM;QACtB,SAAS,EAAE,KAAK;KACjB;IACD,IAAI,EAAE;QACJ,IAAI,EAAE,qBAAS,CAAC,MAAM;QACtB,SAAS,EAAE,KAAK;KACjB;IACD,KAAK,EAAE;QACL,IAAI,EAAE,qBAAS,CAAC,MAAM;QACtB,SAAS,EAAE,KAAK;KACjB;IACD,QAAQ,EAAE;QACR,IAAI,EAAE,qBAAS,CAAC,MAAM;QACtB,SAAS,EAAE,KAAK;KACjB;CACF,EAAE;IACD,qBAAqB;IACrB,WAAW,EAAE,IAAI;IACjB,SAAS,EAAE,UAAE;IACb,SAAS,EAAE,MAAM;IACjB,SAAS,EAAE,OAAO;IAClB,UAAU,EAAE,KAAK;CAClB,CAAC,CAAC;AAEH,kBAAe,IAAI,CAAC","sourcesContent":["import { Model, DataTypes } from 'sequelize';\nimport db from '.';\n// import OtherModel from './OtherModel';\n\nclass User extends Model {\n  findUser = async (email: string) => {\n    const user = await User.findOne({ where: { email }, raw: true });\n    return user;\n  };\n\n  id: number;\n\n  public username: string;\n\n  public role: string;\n\n  public email: string;\n\n  public password: string;\n}\n\nUser.init({\n  id: {\n    type: DataTypes.INTEGER,\n    allowNull: false,\n    autoIncrement: true,\n    primaryKey: true,\n  },\n  username: {\n    type: DataTypes.STRING,\n    allowNull: false,\n  },\n  role: {\n    type: DataTypes.STRING,\n    allowNull: false,\n  },\n  email: {\n    type: DataTypes.STRING,\n    allowNull: false,\n  },\n  password: {\n    type: DataTypes.STRING,\n    allowNull: false,\n  },\n}, {\n  // ... Outras configs\n  underscored: true,\n  sequelize: db,\n  modelName: 'User',\n  tableName: 'users',\n  timestamps: false,\n});\n\nexport default User;\n"]},"_coverageSchema":"1a1c01bbd47fc00a2c39e90264f33305004495a9","hash":"5186236dd2c8b239bdf189aab74c97405dc59734","contentHash":"9d788362b5165f7058d2ebd6da3d8a90e150af1197b9d09400f0cecd6801cf05"},"/home/samuel/FUTEBOLTRYBER/Trybe-Futebol-Clube/backend/src/database/modelsSequelize/index.ts":{"path":"/home/samuel/FUTEBOLTRYBER/Trybe-Futebol-Clube/backend/src/database/modelsSequelize/index.ts","statementMap":{"0":{"start":{"line":2,"column":0},"end":{"line":2,"column":62}},"1":{"start":{"line":3,"column":20},"end":{"line":3,"column":40}},"2":{"start":{"line":4,"column":23},"end":{"line":4,"column":52}},"3":{"start":{"line":5,"column":0},"end":{"line":5,"column":60}}},"fnMap":{},"branchMap":{},"s":{"0":1,"1":1,"2":1,"3":1},"f":{},"b":{},"inputSourceMap":{"version":3,"file":"/home/samuel/FUTEBOLTRYBER/Trybe-Futebol-Clube/backend/src/database/modelsSequelize/index.ts","sources":["/home/samuel/FUTEBOLTRYBER/Trybe-Futebol-Clube/backend/src/database/modelsSequelize/index.ts"],"names":[],"mappings":";;AAAA,yCAAsC;AAEtC,MAAM,cAAc,GAAG,OAAO,CAAC,oBAAoB,CAAC,CAAC;AAErD,kBAAe,IAAI,qBAAS,CAAC,cAAc,CAAC,CAAC","sourcesContent":["import { Sequelize } from 'sequelize';\n\nconst databaseConfig = require('../config/database');\n\nexport default new Sequelize(databaseConfig);\n"]},"_coverageSchema":"1a1c01bbd47fc00a2c39e90264f33305004495a9","hash":"1dc0624399edf28a870908400e3bdd6336c01e6c","contentHash":"756fd5df97abe7c55e17a812c56438aee5c2e9a337a97b339814c68412c36231"},"/home/samuel/FUTEBOLTRYBER/Trybe-Futebol-Clube/backend/src/utils/jwtMethods.ts":{"path":"/home/samuel/FUTEBOLTRYBER/Trybe-Futebol-Clube/backend/src/utils/jwtMethods.ts","statementMap":{"0":{"start":{"line":2,"column":0},"end":{"line":2,"column":62}},"1":{"start":{"line":3,"column":23},"end":{"line":3,"column":46}},"2":{"start":{"line":4,"column":11},"end":{"line":4,"column":24}},"3":{"start":{"line":5,"column":15},"end":{"line":5,"column":60}},"4":{"start":{"line":8,"column":8},"end":{"line":8,"column":29}},"5":{"start":{"line":9,"column":8},"end":{"line":12,"column":11}},"6":{"start":{"line":9,"column":42},"end":{"line":12,"column":10}},"7":{"start":{"line":13,"column":8},"end":{"line":13,"column":112}},"8":{"start":{"line":13,"column":38},"end":{"line":13,"column":111}},"9":{"start":{"line":16,"column":0},"end":{"line":16,"column":29}}},"fnMap":{"0":{"name":"(anonymous_0)","decl":{"start":{"line":7,"column":4},"end":{"line":7,"column":5}},"loc":{"start":{"line":7,"column":18},"end":{"line":14,"column":5}},"line":7},"1":{"name":"(anonymous_1)","decl":{"start":{"line":9,"column":29},"end":{"line":9,"column":30}},"loc":{"start":{"line":9,"column":42},"end":{"line":12,"column":10}},"line":9},"2":{"name":"(anonymous_2)","decl":{"start":{"line":13,"column":27},"end":{"line":13,"column":28}},"loc":{"start":{"line":13,"column":38},"end":{"line":13,"column":111}},"line":13}},"branchMap":{},"s":{"0":1,"1":1,"2":1,"3":1,"4":3,"5":3,"6":0,"7":3,"8":0,"9":1},"f":{"0":3,"1":0,"2":0},"b":{},"inputSourceMap":{"version":3,"file":"/home/samuel/FUTEBOLTRYBER/Trybe-Futebol-Clube/backend/src/utils/jwtMethods.ts","sources":["/home/samuel/FUTEBOLTRYBER/Trybe-Futebol-Clube/backend/src/utils/jwtMethods.ts"],"names":[],"mappings":";;AAAA,+CAAwD;AAExD,yBAA2B;AAE3B,MAAM,MAAM,GAAG,EAAE,CAAC,YAAY,CAAC,oBAAoB,EAAE,MAAM,CAAC,CAAC;AAE7D,MAAM,UAAU;IAAhB;QACU,WAAM,GAAG,MAAM,CAAC;QAEjB,kBAAa,GAAG,CAAC,OAAe,EAAE,EAAE,CAAC,IAAA,mBAAI,EAAC,OAAO,EAAE,IAAI,CAAC,MAAM,EAAE;YACrE,SAAS,EAAE,OAAO;YAClB,SAAS,EAAE,IAAI;SAChB,CAAC,CAAC;QAEI,gBAAW,GAAG,CAAC,KAAa,EAAc,EAAE,CACjD,IAAA,qBAAM,EAAC,KAAK,EAAE,IAAI,CAAC,MAAM,EAAE,EAAE,UAAU,EAAE,CAAC,OAAO,CAAC,EAAE,CAAe,CAAC;IACxE,CAAC;CAAA;AAED,kBAAe,UAAU,CAAC","sourcesContent":["import { sign, verify, JwtPayload } from 'jsonwebtoken';\n\nimport fs = require ('fs');\n\nconst SECRET = fs.readFileSync('jwt.evaluation.key', 'utf8');\n\nclass JwtMethods {\n  private secret = SECRET;\n\n  public generateToken = (payload: object) => sign(payload, this.secret, {\n    algorithm: 'HS256',\n    expiresIn: '7d',\n  });\n\n  public verifyToken = (token: string): JwtPayload =>\n    verify(token, this.secret, { algorithms: ['HS256'] }) as JwtPayload;\n}\n\nexport default JwtMethods;\n"]},"_coverageSchema":"1a1c01bbd47fc00a2c39e90264f33305004495a9","hash":"14805466665dba70bfd74f4281be789715bd8c50","contentHash":"0c6483e36ad602311b3e12781d1c97b358c4c82d85a85e7b67c571f9f6d62f8a"},"/home/samuel/FUTEBOLTRYBER/Trybe-Futebol-Clube/backend/src/middlewares/userMiddleware.ts":{"path":"/home/samuel/FUTEBOLTRYBER/Trybe-Futebol-Clube/backend/src/middlewares/userMiddleware.ts","statementMap":{"0":{"start":{"line":2,"column":0},"end":{"line":2,"column":62}},"1":{"start":{"line":3,"column":21},"end":{"line":3,"column":51}},"2":{"start":{"line":6,"column":8},"end":{"line":6,"column":47}},"3":{"start":{"line":7,"column":8},"end":{"line":7,"column":55}},"4":{"start":{"line":8,"column":8},"end":{"line":19,"column":10}},"5":{"start":{"line":9,"column":28},"end":{"line":9,"column":36}},"6":{"start":{"line":10,"column":12},"end":{"line":13,"column":13}},"7":{"start":{"line":11,"column":32},"end":{"line":11,"column":59}},"8":{"start":{"line":12,"column":16},"end":{"line":12,"column":82}},"9":{"start":{"line":14,"column":12},"end":{"line":17,"column":13}},"10":{"start":{"line":15,"column":32},"end":{"line":15,"column":61}},"11":{"start":{"line":16,"column":16},"end":{"line":16,"column":82}},"12":{"start":{"line":18,"column":12},"end":{"line":18,"column":19}},"13":{"start":{"line":22,"column":0},"end":{"line":22,"column":36}}},"fnMap":{"0":{"name":"(anonymous_0)","decl":{"start":{"line":5,"column":4},"end":{"line":5,"column":5}},"loc":{"start":{"line":5,"column":18},"end":{"line":20,"column":5}},"line":5},"1":{"name":"(anonymous_1)","decl":{"start":{"line":8,"column":29},"end":{"line":8,"column":30}},"loc":{"start":{"line":8,"column":55},"end":{"line":19,"column":9}},"line":8}},"branchMap":{"0":{"loc":{"start":{"line":10,"column":12},"end":{"line":13,"column":13}},"type":"if","locations":[{"start":{"line":10,"column":12},"end":{"line":13,"column":13}},{"start":{"line":10,"column":12},"end":{"line":13,"column":13}}],"line":10},"1":{"loc":{"start":{"line":10,"column":16},"end":{"line":10,"column":51}},"type":"binary-expr","locations":[{"start":{"line":10,"column":16},"end":{"line":10,"column":30}},{"start":{"line":10,"column":34},"end":{"line":10,"column":51}}],"line":10},"2":{"loc":{"start":{"line":14,"column":12},"end":{"line":17,"column":13}},"type":"if","locations":[{"start":{"line":14,"column":12},"end":{"line":17,"column":13}},{"start":{"line":14,"column":12},"end":{"line":17,"column":13}}],"line":14},"3":{"loc":{"start":{"line":14,"column":16},"end":{"line":14,"column":87}},"type":"binary-expr","locations":[{"start":{"line":14,"column":16},"end":{"line":14,"column":43}},{"start":{"line":14,"column":47},"end":{"line":14,"column":87}}],"line":14}},"s":{"0":1,"1":1,"2":1,"3":1,"4":1,"5":0,"6":0,"7":0,"8":0,"9":0,"10":0,"11":0,"12":0,"13":1},"f":{"0":1,"1":0},"b":{"0":[0,0],"1":[0,0],"2":[0,0],"3":[0,0]},"inputSourceMap":{"version":3,"file":"/home/samuel/FUTEBOLTRYBER/Trybe-Futebol-Clube/backend/src/middlewares/userMiddleware.ts","sources":["/home/samuel/FUTEBOLTRYBER/Trybe-Futebol-Clube/backend/src/middlewares/userMiddleware.ts"],"names":[],"mappings":";;AAEA,oDAA6C;AAE7C,MAAM,iBAAiB;IAAvB;QACU,eAAU,GAAG,oBAAU,CAAC;QAExB,UAAK,GAAG,iCAAiC,CAAC;QAElD,kBAAa,GAAG,KAAK,EAAE,GAAY,EAAE,GAAa,EAAE,IAAkB,EAAE,EAAE;YACxE,MAAM,OAAO,GAAG,GAAG,CAAC,IAAgB,CAAC;YACrC,IAAI,CAAC,OAAO,CAAC,KAAK,IAAI,CAAC,OAAO,CAAC,QAAQ,EAAE;gBACvC,MAAM,OAAO,GAAG,2BAA2B,CAAC;gBAC5C,OAAO,GAAG,CAAC,MAAM,CAAC,IAAI,CAAC,UAAU,CAAC,YAAY,CAAC,CAAC,IAAI,CAAC,EAAE,OAAO,EAAE,CAAC,CAAC;aACnE;YAED,IAAI,OAAO,CAAC,QAAQ,CAAC,MAAM,GAAG,CAAC,IAAI,IAAI,CAAC,KAAK,CAAC,IAAI,CAAC,OAAO,CAAC,KAAK,CAAC,KAAK,KAAK,EAAE;gBAC3E,MAAM,OAAO,GAAG,6BAA6B,CAAC;gBAC9C,OAAO,GAAG,CAAC,MAAM,CAAC,IAAI,CAAC,UAAU,CAAC,YAAY,CAAC,CAAC,IAAI,CAAC,EAAE,OAAO,EAAE,CAAC,CAAC;aACnE;YAED,IAAI,EAAE,CAAC;QACT,CAAC,CAAC;IACJ,CAAC;CAAA;AAED,kBAAe,iBAAiB,CAAC","sourcesContent":["import { NextFunction, Request, Response } from 'express';\nimport { IUserReq } from '../interfaces/login';\nimport StatusCode from '../utils/statusCode';\n\nclass VerifyValidFields {\n  private statusCode = StatusCode;\n\n  private regex = /^[\\w-.]+@([\\w-]+\\.)+[\\w-]{2,4}$/;\n\n  verifyRequest = async (req: Request, res: Response, next: NextFunction) => {\n    const userreq = req.body as IUserReq;\n    if (!userreq.email || !userreq.password) {\n      const message = 'All fields must be filled';\n      return res.status(this.statusCode.Unauthorized).json({ message });\n    }\n\n    if (userreq.password.length < 7 || this.regex.test(userreq.email) === false) {\n      const message = 'Incorrect email or password';\n      return res.status(this.statusCode.Unauthorized).json({ message });\n    }\n\n    next();\n  };\n}\n\nexport default VerifyValidFields;\n"]},"_coverageSchema":"1a1c01bbd47fc00a2c39e90264f33305004495a9","hash":"91a5c9c661047d2328762942d012f8e2b617ffce","contentHash":"ea4eec42e9ced5d52a2a95511404cd13b82f0809104d6c296f232526fca5aa79"},"/home/samuel/FUTEBOLTRYBER/Trybe-Futebol-Clube/backend/src/middlewares/validateAuth.ts":{"path":"/home/samuel/FUTEBOLTRYBER/Trybe-Futebol-Clube/backend/src/middlewares/validateAuth.ts","statementMap":{"0":{"start":{"line":2,"column":0},"end":{"line":2,"column":62}},"1":{"start":{"line":3,"column":21},"end":{"line":3,"column":51}},"2":{"start":{"line":4,"column":21},"end":{"line":4,"column":51}},"3":{"start":{"line":7,"column":8},"end":{"line":7,"column":47}},"4":{"start":{"line":8,"column":8},"end":{"line":8,"column":51}},"5":{"start":{"line":9,"column":8},"end":{"line":9,"column":55}},"6":{"start":{"line":12,"column":34},"end":{"line":12,"column":45}},"7":{"start":{"line":13,"column":24},"end":{"line":13,"column":50}},"8":{"start":{"line":14,"column":8},"end":{"line":17,"column":9}},"9":{"start":{"line":15,"column":12},"end":{"line":16,"column":35}},"10":{"start":{"line":18,"column":8},"end":{"line":28,"column":9}},"11":{"start":{"line":19,"column":32},"end":{"line":19,"column":72}},"12":{"start":{"line":20,"column":12},"end":{"line":22,"column":13}},"13":{"start":{"line":21,"column":16},"end":{"line":21,"column":82}},"14":{"start":{"line":23,"column":12},"end":{"line":23,"column":42}},"15":{"start":{"line":24,"column":12},"end":{"line":24,"column":19}},"16":{"start":{"line":27,"column":12},"end":{"line":27,"column":78}},"17":{"start":{"line":31,"column":0},"end":{"line":31,"column":31}}},"fnMap":{"0":{"name":"(anonymous_0)","decl":{"start":{"line":6,"column":4},"end":{"line":6,"column":5}},"loc":{"start":{"line":6,"column":18},"end":{"line":10,"column":5}},"line":6},"1":{"name":"(anonymous_1)","decl":{"start":{"line":11,"column":4},"end":{"line":11,"column":5}},"loc":{"start":{"line":11,"column":38},"end":{"line":29,"column":5}},"line":11}},"branchMap":{"0":{"loc":{"start":{"line":14,"column":8},"end":{"line":17,"column":9}},"type":"if","locations":[{"start":{"line":14,"column":8},"end":{"line":17,"column":9}},{"start":{"line":14,"column":8},"end":{"line":17,"column":9}}],"line":14},"1":{"loc":{"start":{"line":14,"column":12},"end":{"line":14,"column":51}},"type":"binary-expr","locations":[{"start":{"line":14,"column":12},"end":{"line":14,"column":26}},{"start":{"line":14,"column":30},"end":{"line":14,"column":51}}],"line":14},"2":{"loc":{"start":{"line":20,"column":12},"end":{"line":22,"column":13}},"type":"if","locations":[{"start":{"line":20,"column":12},"end":{"line":22,"column":13}},{"start":{"line":20,"column":12},"end":{"line":22,"column":13}}],"line":20}},"s":{"0":1,"1":1,"2":1,"3":2,"4":2,"5":2,"6":0,"7":0,"8":0,"9":0,"10":0,"11":0,"12":0,"13":0,"14":0,"15":0,"16":0,"17":1},"f":{"0":2,"1":0},"b":{"0":[0,0],"1":[0,0],"2":[0,0]},"inputSourceMap":{"version":3,"file":"/home/samuel/FUTEBOLTRYBER/Trybe-Futebol-Clube/backend/src/middlewares/validateAuth.ts","sources":["/home/samuel/FUTEBOLTRYBER/Trybe-Futebol-Clube/backend/src/middlewares/validateAuth.ts"],"names":[],"mappings":";;AAEA,oDAA6C;AAC7C,oDAA6C;AAE7C,MAAM,YAAY;IAKhB;QAJQ,eAAU,GAAG,oBAAU,CAAC;QAExB,aAAQ,GAAG,IAAI,oBAAU,EAAE,CAAC;QAGlC,IAAI,CAAC,WAAW,GAAG,IAAI,CAAC,WAAW,CAAC,IAAI,CAAC,IAAI,CAAC,CAAC;IACjD,CAAC;IAED,KAAK,CAAC,WAAW,CAAC,GAAY,EAAE,GAAY,EAAE,IAAkB;QAC9D,MAAM,EAAE,aAAa,EAAE,GAAG,GAAG,CAAC,OAA2B,CAAC;QAC1D,MAAM,OAAO,GAAG,0BAA0B,CAAC;QAC3C,IAAI,CAAC,aAAa,IAAI,CAAC,aAAa,CAAC,MAAM,EAAE;YAC3C,OAAO,GAAG,CAAC,MAAM,CAAC,IAAI,CAAC,UAAU,CAAC,YAAY,CAAC;iBAC5C,IAAI,CAAC,EAAE,OAAO,EAAE,CAAC,CAAC;SACtB;QAED,IAAI;YACF,MAAM,WAAW,GAAG,IAAI,CAAC,QAAQ,CAAC,WAAW,CAAC,aAAa,CAAC,CAAC;YAE7D,IAAI,WAAW,KAAK,IAAI,EAAE;gBACxB,OAAO,GAAG,CAAC,MAAM,CAAC,IAAI,CAAC,UAAU,CAAC,YAAY,CAAC,CAAC,IAAI,CAAC,EAAE,OAAO,EAAE,CAAC,CAAC;aACnE;YAED,GAAG,CAAC,WAAW,GAAG,WAAW,CAAC;YAE9B,IAAI,EAAE,CAAC;SACR;QAAC,OAAO,GAAG,EAAE;YACZ,OAAO,GAAG,CAAC,MAAM,CAAC,IAAI,CAAC,UAAU,CAAC,YAAY,CAAC,CAAC,IAAI,CAAC,EAAE,OAAO,EAAE,CAAC,CAAC;SACnE;IACH,CAAC;CACF;AAED,kBAAe,YAAY,CAAC","sourcesContent":["import { NextFunction, Request, Response } from 'express';\nimport IAuth from '../interfaces/express/IAuth';\nimport JwtMethods from '../utils/jwtMethods';\nimport StatusCode from '../utils/statusCode';\n\nclass ValidateAuth {\n  private StatusCode = StatusCode;\n\n  private jwtUtils = new JwtMethods();\n\n  constructor() {\n    this.verifyToken = this.verifyToken.bind(this);\n  }\n\n  async verifyToken(req: Request, res:Response, next: NextFunction) {\n    const { authorization } = req.headers as unknown as IAuth;\n    const message = 'usuario nao authenticado';\n    if (!authorization || !authorization.length) {\n      return res.status(this.StatusCode.Unauthorized)\n        .json({ message });\n    }\n\n    try {\n      const dataDecoded = this.jwtUtils.verifyToken(authorization);\n\n      if (dataDecoded === null) {\n        return res.status(this.StatusCode.Unauthorized).json({ message });\n      }\n\n      req.decodedUser = dataDecoded;\n\n      next();\n    } catch (err) {\n      return res.status(this.StatusCode.Unauthorized).json({ message });\n    }\n  }\n}\n\nexport default ValidateAuth;\n"]},"_coverageSchema":"1a1c01bbd47fc00a2c39e90264f33305004495a9","hash":"51e97066a0a1e2fd3bf34030b53a5b657a13a356","contentHash":"50c96cb6d5d74b54b80308ed9e27e6c5c49b92332c549d227b0e8e300ab80a85"},"/home/samuel/FUTEBOLTRYBER/Trybe-Futebol-Clube/backend/src/routes/Club.ts":{"path":"/home/samuel/FUTEBOLTRYBER/Trybe-Futebol-Clube/backend/src/routes/Club.ts","statementMap":{"0":{"start":{"line":2,"column":0},"end":{"line":2,"column":62}},"1":{"start":{"line":3,"column":18},"end":{"line":3,"column":36}},"2":{"start":{"line":4,"column":25},"end":{"line":4,"column":70}},"3":{"start":{"line":7,"column":8},"end":{"line":7,"column":61}},"4":{"start":{"line":8,"column":8},"end":{"line":8,"column":46}},"5":{"start":{"line":9,"column":8},"end":{"line":9,"column":21}},"6":{"start":{"line":12,"column":8},"end":{"line":12,"column":55}},"7":{"start":{"line":13,"column":8},"end":{"line":13,"column":61}},"8":{"start":{"line":16,"column":0},"end":{"line":16,"column":29}}},"fnMap":{"0":{"name":"(anonymous_0)","decl":{"start":{"line":6,"column":4},"end":{"line":6,"column":5}},"loc":{"start":{"line":6,"column":18},"end":{"line":10,"column":5}},"line":6},"1":{"name":"(anonymous_1)","decl":{"start":{"line":11,"column":4},"end":{"line":11,"column":5}},"loc":{"start":{"line":11,"column":12},"end":{"line":14,"column":5}},"line":11}},"branchMap":{},"s":{"0":1,"1":1,"2":1,"3":1,"4":1,"5":1,"6":1,"7":1,"8":1},"f":{"0":1,"1":1},"b":{},"inputSourceMap":{"version":3,"file":"/home/samuel/FUTEBOLTRYBER/Trybe-Futebol-Clube/backend/src/routes/Club.ts","sources":["/home/samuel/FUTEBOLTRYBER/Trybe-Futebol-Clube/backend/src/routes/Club.ts"],"names":[],"mappings":";;AAAA,qCAAiC;AACjC,uEAAgE;AAEhE,MAAM,UAAU;IAKd;QAFQ,mBAAc,GAAG,IAAI,wBAAc,EAAE,CAAC;QAG5C,IAAI,CAAC,MAAM,GAAG,IAAA,gBAAM,GAAE,CAAC;QACvB,IAAI,CAAC,KAAK,EAAE,CAAC;IACf,CAAC;IAED,KAAK;QACH,IAAI,CAAC,MAAM,CAAC,GAAG,CAAC,GAAG,EAAE,IAAI,CAAC,cAAc,CAAC,IAAI,CAAC,CAAC;QAC/C,IAAI,CAAC,MAAM,CAAC,GAAG,CAAC,MAAM,EAAE,IAAI,CAAC,cAAc,CAAC,OAAO,CAAC,CAAC;IACvD,CAAC;CACF;AAED,kBAAe,UAAU,CAAC","sourcesContent":["import { Router } from 'express';\nimport ControllerClub from '../controllers/Club/ControllerClub';\n\nclass ClubRouter {\n  public router: Router;\n\n  private clubController = new ControllerClub();\n\n  constructor() {\n    this.router = Router();\n    this.start();\n  }\n\n  start() {\n    this.router.get('/', this.clubController.read);\n    this.router.get('/:id', this.clubController.readOne);\n  }\n}\n\nexport default ClubRouter;\n"]},"_coverageSchema":"1a1c01bbd47fc00a2c39e90264f33305004495a9","hash":"fd0467a01817dfd460457ccb4bbf003473fc64d8","contentHash":"6b5ec1a1bd1454818ff257d1e09f6ff3865943392229356c01473eea9920dff4"},"/home/samuel/FUTEBOLTRYBER/Trybe-Futebol-Clube/backend/src/controllers/Club/ControllerClub.ts":{"path":"/home/samuel/FUTEBOLTRYBER/Trybe-Futebol-Clube/backend/src/controllers/Club/ControllerClub.ts","statementMap":{"0":{"start":{"line":2,"column":0},"end":{"line":2,"column":62}},"1":{"start":{"line":3,"column":22},"end":{"line":3,"column":64}},"2":{"start":{"line":4,"column":21},"end":{"line":4,"column":54}},"3":{"start":{"line":7,"column":8},"end":{"line":7,"column":39}},"4":{"start":{"line":8,"column":8},"end":{"line":8,"column":47}},"5":{"start":{"line":9,"column":8},"end":{"line":17,"column":10}},"6":{"start":{"line":10,"column":23},"end":{"line":10,"column":44}},"7":{"start":{"line":11,"column":25},"end":{"line":11,"column":59}},"8":{"start":{"line":12,"column":12},"end":{"line":15,"column":13}},"9":{"start":{"line":13,"column":16},"end":{"line":14,"column":62}},"10":{"start":{"line":16,"column":12},"end":{"line":16,"column":61}},"11":{"start":{"line":18,"column":8},"end":{"line":21,"column":10}},"12":{"start":{"line":19,"column":26},"end":{"line":19,"column":57}},"13":{"start":{"line":20,"column":12},"end":{"line":20,"column":62}},"14":{"start":{"line":24,"column":0},"end":{"line":24,"column":33}}},"fnMap":{"0":{"name":"(anonymous_0)","decl":{"start":{"line":6,"column":4},"end":{"line":6,"column":5}},"loc":{"start":{"line":6,"column":59},"end":{"line":22,"column":5}},"line":6},"1":{"name":"(anonymous_1)","decl":{"start":{"line":9,"column":23},"end":{"line":9,"column":24}},"loc":{"start":{"line":9,"column":43},"end":{"line":17,"column":9}},"line":9},"2":{"name":"(anonymous_2)","decl":{"start":{"line":18,"column":20},"end":{"line":18,"column":21}},"loc":{"start":{"line":18,"column":40},"end":{"line":21,"column":9}},"line":18}},"branchMap":{"0":{"loc":{"start":{"line":6,"column":16},"end":{"line":6,"column":57}},"type":"default-arg","locations":[{"start":{"line":6,"column":30},"end":{"line":6,"column":57}}],"line":6},"1":{"loc":{"start":{"line":12,"column":12},"end":{"line":15,"column":13}},"type":"if","locations":[{"start":{"line":12,"column":12},"end":{"line":15,"column":13}},{"start":{"line":12,"column":12},"end":{"line":15,"column":13}}],"line":12}},"s":{"0":1,"1":1,"2":1,"3":1,"4":1,"5":1,"6":0,"7":0,"8":0,"9":0,"10":0,"11":1,"12":0,"13":0,"14":1},"f":{"0":1,"1":0,"2":0},"b":{"0":[1],"1":[0,0]},"inputSourceMap":{"version":3,"file":"/home/samuel/FUTEBOLTRYBER/Trybe-Futebol-Clube/backend/src/controllers/Club/ControllerClub.ts","sources":["/home/samuel/FUTEBOLTRYBER/Trybe-Futebol-Clube/backend/src/controllers/Club/ControllerClub.ts"],"names":[],"mappings":";;AACA,iEAA0D;AAC1D,uDAAgD;AAEhD,MAAM,cAAc;IAClB,YAAoB,cAAc,IAAI,qBAAW,EAAE;QAA/B,gBAAW,GAAX,WAAW,CAAoB;QAE3C,eAAU,GAAG,oBAAU,CAAC;QAEhC,YAAO,GAAG,KAAK,EAAE,GAAW,EAAE,GAAa,EAAE,EAAE;YAC7C,MAAM,EAAE,GAAG,MAAM,CAAC,GAAG,CAAC,MAAM,CAAC,EAAE,CAAC,CAAC;YACjC,MAAM,IAAI,GAAG,MAAM,IAAI,CAAC,WAAW,CAAC,OAAO,CAAC,EAAE,CAAC,CAAC;YAChD,IAAI,IAAI,KAAK,IAAI,EAAE;gBACjB,OAAO,GAAG,CAAC,MAAM,CAAC,IAAI,CAAC,UAAU,CAAC,QAAQ,CAAC;qBACxC,IAAI,CAAC,EAAE,OAAO,EAAE,qBAAqB,EAAE,CAAC,CAAC;aAC7C;YAED,OAAO,GAAG,CAAC,MAAM,CAAC,IAAI,CAAC,UAAU,CAAC,EAAE,CAAC,CAAC,IAAI,CAAC,IAAI,CAAC,CAAC;QACnD,CAAC,CAAC;QAEF,SAAI,GAAG,KAAK,EAAE,GAAW,EAAE,GAAa,EAAE,EAAE;YAC1C,MAAM,KAAK,GAAG,MAAM,IAAI,CAAC,WAAW,CAAC,MAAM,EAAE,CAAC;YAC9C,OAAO,GAAG,CAAC,MAAM,CAAC,IAAI,CAAC,UAAU,CAAC,EAAE,CAAC,CAAC,IAAI,CAAC,KAAK,CAAC,CAAC;QACpD,CAAC,CAAC;IAlBoD,CAAC;CAmBxD;AAED,kBAAe,cAAc,CAAC","sourcesContent":["import { Request, Response } from 'express';\nimport ServiceClub from '../../services/Club/ServiceClub';\nimport StatusCode from '../../utils/statusCode';\n\nclass ControllerClub {\n  constructor(private clubService = new ServiceClub()) {}\n\n  private statusCode = StatusCode;\n\n  readOne = async (req:Request, res: Response) => {\n    const id = Number(req.params.id);\n    const club = await this.clubService.findOne(id);\n    if (club === null) {\n      return res.status(this.statusCode.NotFound)\n        .json({ message: 'club nao encontrado' });\n    }\n\n    return res.status(this.statusCode.Ok).json(club);\n  };\n\n  read = async (req:Request, res: Response) => {\n    const clubs = await this.clubService.getAll();\n    return res.status(this.statusCode.Ok).json(clubs);\n  };\n}\n\nexport default ControllerClub;\n"]},"_coverageSchema":"1a1c01bbd47fc00a2c39e90264f33305004495a9","hash":"fc0ae35b67e46bc7f1796e53dace8d2eb332c071","contentHash":"634f1b4a83585d07828a1167da22684fc9818092eb1a219582308221f2b4661d"},"/home/samuel/FUTEBOLTRYBER/Trybe-Futebol-Clube/backend/src/services/Club/ServiceClub.ts":{"path":"/home/samuel/FUTEBOLTRYBER/Trybe-Futebol-Clube/backend/src/services/Club/ServiceClub.ts","statementMap":{"0":{"start":{"line":2,"column":0},"end":{"line":2,"column":62}},"1":{"start":{"line":3,"column":15},"end":{"line":3,"column":61}},"2":{"start":{"line":6,"column":0},"end":{"line":6,"column":30}}},"fnMap":{},"branchMap":{},"s":{"0":1,"1":1,"2":1},"f":{},"b":{},"inputSourceMap":{"version":3,"file":"/home/samuel/FUTEBOLTRYBER/Trybe-Futebol-Clube/backend/src/services/Club/ServiceClub.ts","sources":["/home/samuel/FUTEBOLTRYBER/Trybe-Futebol-Clube/backend/src/services/Club/ServiceClub.ts"],"names":[],"mappings":";;AAAA,8DAAuD;AAEvD,MAAM,WAAY,SAAQ,cAAI;CAAG;AAEjC,kBAAe,WAAW,CAAC","sourcesContent":["import Club from '../../database/modelsSequelize/club';\n\nclass ServiceClub extends Club {}\n\nexport default ServiceClub;\n"]},"_coverageSchema":"1a1c01bbd47fc00a2c39e90264f33305004495a9","hash":"daa681800ba5511e7d9a03ab71d71b83e9686346","contentHash":"a3731035c8734556b5256e95f81df845d9c57679b1a7ecc25f21fb5e2463a203"},"/home/samuel/FUTEBOLTRYBER/Trybe-Futebol-Clube/backend/src/database/modelsSequelize/club.ts":{"path":"/home/samuel/FUTEBOLTRYBER/Trybe-Futebol-Clube/backend/src/database/modelsSequelize/club.ts","statementMap":{"0":{"start":{"line":2,"column":0},"end":{"line":2,"column":62}},"1":{"start":{"line":3,"column":20},"end":{"line":3,"column":40}},"2":{"start":{"line":4,"column":11},"end":{"line":4,"column":23}},"3":{"start":{"line":8,"column":8},"end":{"line":8,"column":28}},"4":{"start":{"line":9,"column":8},"end":{"line":12,"column":10}},"5":{"start":{"line":10,"column":24},"end":{"line":10,"column":44}},"6":{"start":{"line":11,"column":12},"end":{"line":11,"column":23}},"7":{"start":{"line":13,"column":8},"end":{"line":16,"column":10}},"8":{"start":{"line":14,"column":28},"end":{"line":14,"column":65}},"9":{"start":{"line":15,"column":12},"end":{"line":15,"column":27}},"10":{"start":{"line":19,"column":0},"end":{"line":38,"column":3}},"11":{"start":{"line":47,"column":0},"end":{"line":47,"column":23}}},"fnMap":{"0":{"name":"(anonymous_0)","decl":{"start":{"line":7,"column":4},"end":{"line":7,"column":5}},"loc":{"start":{"line":7,"column":18},"end":{"line":17,"column":5}},"line":7},"1":{"name":"(anonymous_1)","decl":{"start":{"line":9,"column":22},"end":{"line":9,"column":23}},"loc":{"start":{"line":9,"column":34},"end":{"line":12,"column":9}},"line":9},"2":{"name":"(anonymous_2)","decl":{"start":{"line":13,"column":23},"end":{"line":13,"column":24}},"loc":{"start":{"line":13,"column":37},"end":{"line":16,"column":9}},"line":13}},"branchMap":{},"s":{"0":1,"1":1,"2":1,"3":19,"4":19,"5":1,"6":1,"7":19,"8":1,"9":1,"10":1,"11":1},"f":{"0":19,"1":1,"2":1},"b":{},"inputSourceMap":{"version":3,"file":"/home/samuel/FUTEBOLTRYBER/Trybe-Futebol-Clube/backend/src/database/modelsSequelize/club.ts","sources":["/home/samuel/FUTEBOLTRYBER/Trybe-Futebol-Clube/backend/src/database/modelsSequelize/club.ts"],"names":[],"mappings":";;AAAA,yCAA6C;AAC7C,wBAAmB;AACnB,yCAAyC;AAEzC,MAAM,IAAK,SAAQ,iBAAK;IAAxB;;QACS,WAAM,GAAG,KAAK,IAAI,EAAE;YACzB,MAAM,GAAG,GAAG,MAAM,IAAI,CAAC,OAAO,EAAE,CAAC;YACjC,OAAO,GAAG,CAAC;QACb,CAAC,CAAC;QAEK,YAAO,GAAG,KAAK,EAAE,EAAU,EAAE,EAAE;YACpC,MAAM,OAAO,GAAG,MAAM,IAAI,CAAC,OAAO,CAAC,EAAE,KAAK,EAAE,EAAE,EAAE,EAAE,EAAE,CAAC,CAAC;YACtD,OAAO,OAAO,CAAC;QACjB,CAAC,CAAC;IAGJ,CAAC;CAAA;AAED,IAAI,CAAC,IAAI,CAAC;IACR,YAAY;IACZ,EAAE,EAAE;QACF,IAAI,EAAE,qBAAS,CAAC,OAAO;QACvB,SAAS,EAAE,KAAK;QAChB,aAAa,EAAE,IAAI;QACnB,UAAU,EAAE,IAAI;KACjB;IACD,QAAQ,EAAE;QACR,IAAI,EAAE,qBAAS,CAAC,MAAM;QACtB,SAAS,EAAE,KAAK;KACjB;CACF,EAAE;IACD,qBAAqB;IACrB,WAAW,EAAE,IAAI;IACjB,SAAS,EAAE,UAAE;IACb,SAAS,EAAE,MAAM;IACjB,SAAS,EAAE,OAAO;IAClB,UAAU,EAAE,KAAK;CAClB,CAAC,CAAC;AAEH;;;MAGM;AAEN,oFAAoF;AACpF,oFAAoF;AAEpF,kFAAkF;AAClF,kFAAkF;AAElF,kBAAe,IAAI,CAAC","sourcesContent":["import { Model, DataTypes } from 'sequelize';\nimport db from '.';\n// import OtherModel from './OtherModel';\n\nclass Club extends Model {\n  public getAll = async () => {\n    const all = await Club.findAll();\n    return all;\n  };\n\n  public findOne = async (id: number) => {\n    const oneClub = await Club.findOne({ where: { id } });\n    return oneClub;\n  };\n\n  clubName: string;\n}\n\nClub.init({\n  // ... Campo\n  id: {\n    type: DataTypes.INTEGER,\n    allowNull: false,\n    autoIncrement: true,\n    primaryKey: true,\n  },\n  clubName: {\n    type: DataTypes.STRING,\n    allowNull: false,\n  },\n}, {\n  // ... Outras configs\n  underscored: true,\n  sequelize: db,\n  modelName: 'Club',\n  tableName: 'clubs',\n  timestamps: false,\n});\n\n/**\n  * `Workaround` para aplicar as associations em TS:\n  * Associations 1:N devem ficar em uma das instâncias de modelo\n  * */\n\n// OtherModel.belongsTo(Example, { foreignKey: 'campoA', as: 'campoEstrangeiroA' });\n// OtherModel.belongsTo(Example, { foreignKey: 'campoB', as: 'campoEstrangeiroB' });\n\n// Example.hasMany(OtherModel, { foreignKey: 'campoC', as: 'campoEstrangeiroC' });\n// Example.hasMany(OtherModel, { foreignKey: 'campoD', as: 'campoEstrangeiroD' });\n\nexport default Club;\n"]},"_coverageSchema":"1a1c01bbd47fc00a2c39e90264f33305004495a9","hash":"2f88d6945f912740d19826e2cd7d263d05352758","contentHash":"19cdca4480b7be77cee430034a21990ab6d57a61e038c0586fecb5faf67fa229"},"/home/samuel/FUTEBOLTRYBER/Trybe-Futebol-Clube/backend/src/routes/Match.ts":{"path":"/home/samuel/FUTEBOLTRYBER/Trybe-Futebol-Clube/backend/src/routes/Match.ts","statementMap":{"0":{"start":{"line":2,"column":0},"end":{"line":2,"column":62}},"1":{"start":{"line":3,"column":18},"end":{"line":3,"column":36}},"2":{"start":{"line":4,"column":26},"end":{"line":4,"column":73}},"3":{"start":{"line":5,"column":23},"end":{"line":5,"column":61}},"4":{"start":{"line":8,"column":8},"end":{"line":8,"column":63}},"5":{"start":{"line":9,"column":8},"end":{"line":9,"column":57}},"6":{"start":{"line":10,"column":8},"end":{"line":10,"column":46}},"7":{"start":{"line":11,"column":8},"end":{"line":11,"column":21}},"8":{"start":{"line":14,"column":8},"end":{"line":14,"column":66}},"9":{"start":{"line":15,"column":8},"end":{"line":15,"column":95}},"10":{"start":{"line":16,"column":8},"end":{"line":16,"column":68}},"11":{"start":{"line":17,"column":8},"end":{"line":17,"column":78}},"12":{"start":{"line":20,"column":0},"end":{"line":20,"column":30}}},"fnMap":{"0":{"name":"(anonymous_0)","decl":{"start":{"line":7,"column":4},"end":{"line":7,"column":5}},"loc":{"start":{"line":7,"column":18},"end":{"line":12,"column":5}},"line":7},"1":{"name":"(anonymous_1)","decl":{"start":{"line":13,"column":4},"end":{"line":13,"column":5}},"loc":{"start":{"line":13,"column":12},"end":{"line":18,"column":5}},"line":13}},"branchMap":{},"s":{"0":1,"1":1,"2":1,"3":1,"4":1,"5":1,"6":1,"7":1,"8":1,"9":1,"10":1,"11":1,"12":1},"f":{"0":1,"1":1},"b":{},"inputSourceMap":{"version":3,"file":"/home/samuel/FUTEBOLTRYBER/Trybe-Futebol-Clube/backend/src/routes/Match.ts","sources":["/home/samuel/FUTEBOLTRYBER/Trybe-Futebol-Clube/backend/src/routes/Match.ts"],"names":[],"mappings":";;AAAA,qCAAiC;AACjC,0EAAmE;AACnE,8DAAuD;AAEvD,MAAM,WAAW;IAOf;QAJQ,oBAAe,GAAG,IAAI,yBAAe,EAAE,CAAC;QAExC,iBAAY,GAAG,IAAI,sBAAY,EAAE,CAAC;QAGxC,IAAI,CAAC,MAAM,GAAG,IAAA,gBAAM,GAAE,CAAC;QACvB,IAAI,CAAC,KAAK,EAAE,CAAC;IACf,CAAC;IAED,KAAK;QACH,IAAI,CAAC,MAAM,CAAC,GAAG,CAAC,GAAG,EAAE,IAAI,CAAC,eAAe,CAAC,cAAc,CAAC,CAAC;QAC1D,IAAI,CAAC,MAAM,CAAC,IAAI,CAAC,GAAG,EAAE,IAAI,CAAC,YAAY,CAAC,WAAW,EAAE,IAAI,CAAC,eAAe,CAAC,WAAW,CAAC,CAAC;QACvF,IAAI,CAAC,MAAM,CAAC,KAAK,CAAC,MAAM,EAAE,IAAI,CAAC,eAAe,CAAC,WAAW,CAAC,CAAC;QAC5D,IAAI,CAAC,MAAM,CAAC,KAAK,CAAC,aAAa,EAAE,IAAI,CAAC,eAAe,CAAC,cAAc,CAAC,CAAC;IACxE,CAAC;CACF;AAED,kBAAe,WAAW,CAAC","sourcesContent":["import { Router } from 'express';\nimport ControllerMatch from '../controllers/Match/ControllerMatch';\nimport ValidateAuth from '../middlewares/validateAuth';\n\nclass MatchRouter {\n  public router: Router;\n\n  private matchController = new ControllerMatch();\n\n  private validateAuth = new ValidateAuth();\n\n  constructor() {\n    this.router = Router();\n    this.start();\n  }\n\n  start() {\n    this.router.get('/', this.matchController.readByProgress);\n    this.router.post('/', this.validateAuth.verifyToken, this.matchController.createMatch);\n    this.router.patch('/:id', this.matchController.updateMatch);\n    this.router.patch('/:id/finish', this.matchController.updateProgress);\n  }\n}\n\nexport default MatchRouter;\n"]},"_coverageSchema":"1a1c01bbd47fc00a2c39e90264f33305004495a9","hash":"7724bb5612f4db927b51e9db331648b80118691b","contentHash":"d3615ee19b067c1d7a02ea77f1bedd9e52e782eb51d3537dc595103e64f2b83e"},"/home/samuel/FUTEBOLTRYBER/Trybe-Futebol-Clube/backend/src/controllers/Match/ControllerMatch.ts":{"path":"/home/samuel/FUTEBOLTRYBER/Trybe-Futebol-Clube/backend/src/controllers/Match/ControllerMatch.ts","statementMap":{"0":{"start":{"line":2,"column":0},"end":{"line":2,"column":62}},"1":{"start":{"line":3,"column":21},"end":{"line":3,"column":54}},"2":{"start":{"line":4,"column":23},"end":{"line":4,"column":67}},"3":{"start":{"line":7,"column":8},"end":{"line":7,"column":41}},"4":{"start":{"line":8,"column":8},"end":{"line":8,"column":47}},"5":{"start":{"line":9,"column":8},"end":{"line":21,"column":10}},"6":{"start":{"line":10,"column":34},"end":{"line":10,"column":42}},"7":{"start":{"line":11,"column":12},"end":{"line":14,"column":13}},"8":{"start":{"line":12,"column":16},"end":{"line":13,"column":100}},"9":{"start":{"line":15,"column":30},"end":{"line":15,"column":77}},"10":{"start":{"line":16,"column":12},"end":{"line":19,"column":13}},"11":{"start":{"line":17,"column":16},"end":{"line":18,"column":73}},"12":{"start":{"line":20,"column":12},"end":{"line":20,"column":71}},"13":{"start":{"line":22,"column":8},"end":{"line":30,"column":10}},"14":{"start":{"line":23,"column":31},"end":{"line":23,"column":39}},"15":{"start":{"line":24,"column":23},"end":{"line":24,"column":44}},"16":{"start":{"line":25,"column":38},"end":{"line":25,"column":89}},"17":{"start":{"line":26,"column":12},"end":{"line":28,"column":13}},"18":{"start":{"line":27,"column":16},"end":{"line":27,"column":110}},"19":{"start":{"line":29,"column":12},"end":{"line":29,"column":79}},"20":{"start":{"line":31,"column":8},"end":{"line":42,"column":10}},"21":{"start":{"line":32,"column":35},"end":{"line":32,"column":44}},"22":{"start":{"line":34,"column":12},"end":{"line":36,"column":13}},"23":{"start":{"line":35,"column":16},"end":{"line":35,"column":37}},"24":{"start":{"line":37,"column":12},"end":{"line":39,"column":13}},"25":{"start":{"line":38,"column":16},"end":{"line":38,"column":36}},"26":{"start":{"line":40,"column":27},"end":{"line":40,"column":83}},"27":{"start":{"line":41,"column":12},"end":{"line":41,"column":63}},"28":{"start":{"line":43,"column":8},"end":{"line":47,"column":10}},"29":{"start":{"line":44,"column":27},"end":{"line":44,"column":37}},"30":{"start":{"line":45,"column":12},"end":{"line":45,"column":60}},"31":{"start":{"line":46,"column":12},"end":{"line":46,"column":60}},"32":{"start":{"line":50,"column":0},"end":{"line":50,"column":34}}},"fnMap":{"0":{"name":"(anonymous_0)","decl":{"start":{"line":6,"column":4},"end":{"line":6,"column":5}},"loc":{"start":{"line":6,"column":61},"end":{"line":48,"column":5}},"line":6},"1":{"name":"(anonymous_1)","decl":{"start":{"line":9,"column":27},"end":{"line":9,"column":28}},"loc":{"start":{"line":9,"column":47},"end":{"line":21,"column":9}},"line":9},"2":{"name":"(anonymous_2)","decl":{"start":{"line":22,"column":27},"end":{"line":22,"column":28}},"loc":{"start":{"line":22,"column":47},"end":{"line":30,"column":9}},"line":22},"3":{"name":"(anonymous_3)","decl":{"start":{"line":31,"column":30},"end":{"line":31,"column":31}},"loc":{"start":{"line":31,"column":50},"end":{"line":42,"column":9}},"line":31},"4":{"name":"(anonymous_4)","decl":{"start":{"line":43,"column":30},"end":{"line":43,"column":31}},"loc":{"start":{"line":43,"column":50},"end":{"line":47,"column":9}},"line":43}},"branchMap":{"0":{"loc":{"start":{"line":6,"column":16},"end":{"line":6,"column":59}},"type":"default-arg","locations":[{"start":{"line":6,"column":31},"end":{"line":6,"column":59}}],"line":6},"1":{"loc":{"start":{"line":11,"column":12},"end":{"line":14,"column":13}},"type":"if","locations":[{"start":{"line":11,"column":12},"end":{"line":14,"column":13}},{"start":{"line":11,"column":12},"end":{"line":14,"column":13}}],"line":11},"2":{"loc":{"start":{"line":16,"column":12},"end":{"line":19,"column":13}},"type":"if","locations":[{"start":{"line":16,"column":12},"end":{"line":19,"column":13}},{"start":{"line":16,"column":12},"end":{"line":19,"column":13}}],"line":16},"3":{"loc":{"start":{"line":26,"column":12},"end":{"line":28,"column":13}},"type":"if","locations":[{"start":{"line":26,"column":12},"end":{"line":28,"column":13}},{"start":{"line":26,"column":12},"end":{"line":28,"column":13}}],"line":26},"4":{"loc":{"start":{"line":34,"column":12},"end":{"line":36,"column":13}},"type":"if","locations":[{"start":{"line":34,"column":12},"end":{"line":36,"column":13}},{"start":{"line":34,"column":12},"end":{"line":36,"column":13}}],"line":34},"5":{"loc":{"start":{"line":34,"column":16},"end":{"line":34,"column":63}},"type":"binary-expr","locations":[{"start":{"line":34,"column":16},"end":{"line":34,"column":26}},{"start":{"line":34,"column":30},"end":{"line":34,"column":63}}],"line":34},"6":{"loc":{"start":{"line":37,"column":12},"end":{"line":39,"column":13}},"type":"if","locations":[{"start":{"line":37,"column":12},"end":{"line":39,"column":13}},{"start":{"line":37,"column":12},"end":{"line":39,"column":13}}],"line":37},"7":{"loc":{"start":{"line":37,"column":16},"end":{"line":37,"column":62}},"type":"binary-expr","locations":[{"start":{"line":37,"column":16},"end":{"line":37,"column":26}},{"start":{"line":37,"column":30},"end":{"line":37,"column":62}}],"line":37}},"s":{"0":1,"1":1,"2":1,"3":1,"4":1,"5":1,"6":0,"7":0,"8":0,"9":0,"10":0,"11":0,"12":0,"13":1,"14":0,"15":0,"16":0,"17":0,"18":0,"19":0,"20":1,"21":0,"22":0,"23":0,"24":0,"25":0,"26":0,"27":0,"28":1,"29":0,"30":0,"31":0,"32":1},"f":{"0":1,"1":0,"2":0,"3":0,"4":0},"b":{"0":[1],"1":[0,0],"2":[0,0],"3":[0,0],"4":[0,0],"5":[0,0],"6":[0,0],"7":[0,0]},"inputSourceMap":{"version":3,"file":"/home/samuel/FUTEBOLTRYBER/Trybe-Futebol-Clube/backend/src/controllers/Match/ControllerMatch.ts","sources":["/home/samuel/FUTEBOLTRYBER/Trybe-Futebol-Clube/backend/src/controllers/Match/ControllerMatch.ts"],"names":[],"mappings":";;AAEA,uDAAgD;AAChD,oEAA6D;AAI7D,MAAM,eAAe;IAGnB,YAAoB,eAAe,IAAI,sBAAY,EAAE;QAAjC,iBAAY,GAAZ,YAAY,CAAqB;QAF7C,eAAU,GAAG,oBAAU,CAAC;QAIhC,gBAAW,GAAG,KAAK,EAAE,GAAY,EAAE,GAAa,EAAqB,EAAE;YACrE,MAAM,aAAa,GAAG,GAAG,CAAC,IAA4B,CAAC;YACvD,IAAI,aAAa,CAAC,QAAQ,KAAK,aAAa,CAAC,QAAQ,EAAE;gBACrD,OAAO,GAAG,CAAC,MAAM,CAAC,IAAI,CAAC,UAAU,CAAC,YAAY,CAAC;qBAC5C,IAAI,CAAC,EAAE,OAAO,EAAE,2DAA2D,EAAE,CAAC,CAAC;aACnF;YACD,MAAM,SAAS,GAAG,MAAM,IAAI,CAAC,YAAY,CAAC,QAAQ,CAAC,aAAa,CAAC,CAAC;YAClE,IAAI,SAAS,KAAK,IAAI,EAAE;gBACtB,OAAO,GAAG,CAAC,MAAM,CAAC,IAAI,CAAC,UAAU,CAAC,YAAY,CAAC;qBAC5C,IAAI,CAAC,EAAE,OAAO,EAAE,gCAAgC,EAAE,CAAC,CAAC;aACxD;YAED,OAAO,GAAG,CAAC,MAAM,CAAC,IAAI,CAAC,UAAU,CAAC,OAAO,CAAC,CAAC,IAAI,CAAC,SAAS,CAAC,CAAC;QAC7D,CAAC,CAAC;QAEF,gBAAW,GAAG,KAAK,EAAE,GAAY,EAAE,GAAa,EAAqB,EAAE;YACrE,MAAM,UAAU,GAAG,GAAG,CAAC,IAAkC,CAAC;YAC1D,MAAM,EAAE,GAAG,MAAM,CAAC,GAAG,CAAC,MAAM,CAAC,EAAE,CAAC,CAAC;YACjC,MAAM,iBAAiB,GAAG,MAAM,IAAI,CAAC,YAAY,CAAC,WAAW,CAAC,EAAE,EAAE,UAAU,CAAC,CAAC;YAC9E,IAAI,OAAO,iBAAiB,KAAK,IAAI,EAAE;gBACrC,OAAO,GAAG,CAAC,MAAM,CAAC,IAAI,CAAC,UAAU,CAAC,YAAY,CAAC,CAAC,IAAI,CAAC,EAAE,OAAO,EAAE,0BAA0B,EAAE,CAAC,CAAC;aAC/F;YACD,OAAO,GAAG,CAAC,MAAM,CAAC,GAAG,CAAC,CAAC,IAAI,CAAC,EAAE,OAAO,EAAE,wBAAwB,EAAE,CAAC,CAAC;QACrE,CAAC,CAAC;QAEF,mBAAc,GAAG,KAAK,EAAE,GAAY,EAAE,GAAa,EAAqB,EAAE;YACxE,MAAM,EAAE,UAAU,EAAE,GAAG,GAAG,CAAC,KAA0B,CAAC;YACtD,IAAI,YAAiC,CAAC;YAEtC,IAAI,UAAU,IAAI,UAAU,CAAC,QAAQ,EAAE,KAAK,OAAO,EAAE;gBACnD,YAAY,GAAG,KAAK,CAAC;aACtB;YAED,IAAI,UAAU,IAAI,UAAU,CAAC,QAAQ,EAAE,KAAK,MAAM,EAAE;gBAClD,YAAY,GAAG,IAAI,CAAC;aACrB;YAED,MAAM,MAAM,GAAG,MAAM,IAAI,CAAC,YAAY,CAAC,kBAAkB,CAAC,YAAY,CAAC,CAAC;YACxE,OAAO,GAAG,CAAC,MAAM,CAAC,IAAI,CAAC,UAAU,CAAC,EAAE,CAAC,CAAC,IAAI,CAAC,MAAM,CAAC,CAAC;QACrD,CAAC,CAAC;QAEF,mBAAc,GAAG,KAAK,EAAE,GAAY,EAAE,GAAa,EAAqB,EAAE;YACxE,MAAM,EAAE,EAAE,EAAE,GAAG,GAAG,CAAC,MAAM,CAAC;YAC1B,MAAM,IAAI,CAAC,YAAY,CAAC,WAAW,CAAC,MAAM,CAAC,EAAE,CAAC,CAAC,CAAC;YAChD,OAAO,GAAG,CAAC,MAAM,CAAC,GAAG,CAAC,CAAC,IAAI,CAAC,kBAAkB,CAAC,CAAC;QAClD,CAAC,CAAC;IA/CsD,CAAC;CAgD1D;AAED,kBAAe,eAAe,CAAC","sourcesContent":["import { Request, Response } from 'express';\nimport IMatchReq from '../../interfaces/match/IMatchReq';\nimport StatusCode from '../../utils/statusCode';\nimport ServiceMatch from '../../services/Match/ServiceMatch';\nimport IUpdateGoalsReq from '../../interfaces/match/IUpdateGoals';\nimport IQuery from '../../interfaces/express/IQuery';\n\nclass ControllerMatch {\n  private statusCode = StatusCode;\n\n  constructor(private serviceMatch = new ServiceMatch()) {}\n\n  createMatch = async (req: Request, res: Response): Promise<Response> => {\n    const datasaveMatch = req.body as unknown as IMatchReq;\n    if (datasaveMatch.awayTeam === datasaveMatch.homeTeam) {\n      return res.status(this.statusCode.Unauthorized)\n        .json({ message: 'It is not possible to create a match with two equal teams' });\n    }\n    const saveMatch = await this.serviceMatch.saveGame(datasaveMatch);\n    if (saveMatch === null) {\n      return res.status(this.statusCode.Unauthorized)\n        .json({ message: 'There is no team with such id!' });\n    }\n\n    return res.status(this.statusCode.Created).json(saveMatch);\n  };\n\n  updateMatch = async (req: Request, res: Response): Promise<Response> => {\n    const goalsMatch = req.body as unknown as IUpdateGoalsReq;\n    const id = Number(req.params.id);\n    const saveProgressMatch = await this.serviceMatch.updateMatch(id, goalsMatch);\n    if (typeof saveProgressMatch === null) {\n      return res.status(this.statusCode.Unauthorized).json({ message: 'Match is not in progress' });\n    }\n    return res.status(200).json({ message: 'The result was updated' });\n  };\n\n  readByProgress = async (req: Request, res: Response): Promise<Response> => {\n    const { inProgress } = req.query as unknown as IQuery;\n    let booleanQuery: boolean | undefined;\n\n    if (inProgress && inProgress.toString() === 'false') {\n      booleanQuery = false;\n    }\n\n    if (inProgress && inProgress.toString() === 'true') {\n      booleanQuery = true;\n    }\n\n    const matchs = await this.serviceMatch.getMatchByProgress(booleanQuery);\n    return res.status(this.statusCode.Ok).json(matchs);\n  };\n\n  updateProgress = async (req: Request, res: Response): Promise<Response> => {\n    const { id } = req.params;\n    await this.serviceMatch.finishMatch(Number(id));\n    return res.status(200).json('Match was update');\n  };\n}\n\nexport default ControllerMatch;\n"]},"_coverageSchema":"1a1c01bbd47fc00a2c39e90264f33305004495a9","hash":"b8ca0afc7baf143b2d581c15d5a52d745c22442d","contentHash":"abdaa02b0b55427b5fde235ed6c5fda1ee42d3579ff10a2ee960c7f6fbfc3e40"},"/home/samuel/FUTEBOLTRYBER/Trybe-Futebol-Clube/backend/src/services/Match/ServiceMatch.ts":{"path":"/home/samuel/FUTEBOLTRYBER/Trybe-Futebol-Clube/backend/src/services/Match/ServiceMatch.ts","statementMap":{"0":{"start":{"line":2,"column":0},"end":{"line":2,"column":62}},"1":{"start":{"line":3,"column":15},"end":{"line":3,"column":61}},"2":{"start":{"line":4,"column":16},"end":{"line":4,"column":63}},"3":{"start":{"line":5,"column":30},"end":{"line":5,"column":62}},"4":{"start":{"line":8,"column":8},"end":{"line":8,"column":16}},"5":{"start":{"line":9,"column":8},"end":{"line":9,"column":37}},"6":{"start":{"line":10,"column":8},"end":{"line":10,"column":65}},"7":{"start":{"line":11,"column":8},"end":{"line":11,"column":94}},"8":{"start":{"line":11,"column":56},"end":{"line":11,"column":93}},"9":{"start":{"line":14,"column":25},"end":{"line":14,"column":89}},"10":{"start":{"line":15,"column":25},"end":{"line":15,"column":89}},"11":{"start":{"line":16,"column":8},"end":{"line":17,"column":24}},"12":{"start":{"line":17,"column":12},"end":{"line":17,"column":24}},"13":{"start":{"line":18,"column":25},"end":{"line":18,"column":52}},"14":{"start":{"line":19,"column":8},"end":{"line":19,"column":24}},"15":{"start":{"line":22,"column":0},"end":{"line":22,"column":31}}},"fnMap":{"0":{"name":"(anonymous_0)","decl":{"start":{"line":7,"column":4},"end":{"line":7,"column":5}},"loc":{"start":{"line":7,"column":45},"end":{"line":12,"column":5}},"line":7},"1":{"name":"(anonymous_1)","decl":{"start":{"line":11,"column":34},"end":{"line":11,"column":35}},"loc":{"start":{"line":11,"column":56},"end":{"line":11,"column":93}},"line":11},"2":{"name":"(anonymous_2)","decl":{"start":{"line":13,"column":4},"end":{"line":13,"column":5}},"loc":{"start":{"line":13,"column":26},"end":{"line":20,"column":5}},"line":13}},"branchMap":{"0":{"loc":{"start":{"line":7,"column":16},"end":{"line":7,"column":43}},"type":"default-arg","locations":[{"start":{"line":7,"column":29},"end":{"line":7,"column":43}}],"line":7},"1":{"loc":{"start":{"line":16,"column":8},"end":{"line":17,"column":24}},"type":"if","locations":[{"start":{"line":16,"column":8},"end":{"line":17,"column":24}},{"start":{"line":16,"column":8},"end":{"line":17,"column":24}}],"line":16},"2":{"loc":{"start":{"line":16,"column":12},"end":{"line":16,"column":34}},"type":"binary-expr","locations":[{"start":{"line":16,"column":12},"end":{"line":16,"column":21}},{"start":{"line":16,"column":25},"end":{"line":16,"column":34}}],"line":16}},"s":{"0":1,"1":1,"2":1,"3":1,"4":1,"5":1,"6":1,"7":1,"8":0,"9":0,"10":0,"11":0,"12":0,"13":0,"14":0,"15":1},"f":{"0":1,"1":0,"2":0},"b":{"0":[1],"1":[0,0],"2":[0,0]},"inputSourceMap":{"version":3,"file":"/home/samuel/FUTEBOLTRYBER/Trybe-Futebol-Clube/backend/src/services/Match/ServiceMatch.ts","sources":["/home/samuel/FUTEBOLTRYBER/Trybe-Futebol-Clube/backend/src/services/Match/ServiceMatch.ts"],"names":[],"mappings":";;AACA,8DAAuD;AACvD,gEAAyD;AACzD,+DAAyD;AAEzD,MAAM,YAAa,SAAQ,eAAK;IAC9B,YAAoB,aAAa,cAAI;QACnC,KAAK,EAAE,CAAC;QADU,eAAU,GAAV,UAAU,CAAO;QAI9B,kBAAa,GAAG,IAAI,6BAAoB,EAAE,CAAC;QAWlD,uBAAkB,GAAG,KAAK,EAAE,UAA+B,EAAE,EAAE,CAC7D,IAAI,CAAC,aAAa,CAAC,MAAM,CAAC,UAAU,CAAC,CAAC;IAdxC,CAAC;IAID,KAAK,CAAC,QAAQ,CAAC,KAAgB;QAC7B,MAAM,QAAQ,GAAG,MAAM,IAAI,CAAC,UAAU,CAAC,OAAO,CAAC,EAAE,KAAK,EAAE,EAAE,EAAE,EAAE,KAAK,CAAC,QAAQ,EAAE,EAAE,CAAC,CAAC;QAClF,MAAM,QAAQ,GAAG,MAAM,IAAI,CAAC,UAAU,CAAC,OAAO,CAAC,EAAE,KAAK,EAAE,EAAE,EAAE,EAAE,KAAK,CAAC,QAAQ,EAAE,EAAE,CAAC,CAAC;QAClF,IAAI,CAAC,QAAQ,IAAI,CAAC,QAAQ;YAAE,OAAO,IAAI,CAAC;QACxC,MAAM,QAAQ,GAAG,MAAM,IAAI,CAAC,SAAS,CAAC,KAAK,CAAC,CAAC;QAE7C,OAAO,QAAQ,CAAC;IAClB,CAAC;CAIF;AAED,kBAAe,YAAY,CAAC","sourcesContent":["import { IMatchReq } from '../../interfaces/match';\nimport Club from '../../database/modelsSequelize/club';\nimport Match from '../../database/modelsSequelize/match';\nimport GetMatchsProgService from './GetMatchsByProgress';\n\nclass ServiceMatch extends Match {\n  constructor(private clubEntity = Club) {\n    super();\n  }\n\n  public getByProgress = new GetMatchsProgService();\n\n  async saveGame(match: IMatchReq) {\n    const homeTeam = await this.clubEntity.findOne({ where: { id: match.homeTeam } });\n    const awayTeam = await this.clubEntity.findOne({ where: { id: match.awayTeam } });\n    if (!homeTeam || !awayTeam) return null;\n    const newMatch = await this.saveMatch(match);\n\n    return newMatch;\n  }\n\n  getMatchByProgress = async (inProgress: boolean | undefined) =>\n    this.getByProgress.handle(inProgress);\n}\n\nexport default ServiceMatch;\n"]},"_coverageSchema":"1a1c01bbd47fc00a2c39e90264f33305004495a9","hash":"44513a37994772d4e9ad1005ea91536221e9abe4","contentHash":"6b96066d5ef95948e0b4d676b58ef3548d85cfa7ac623d440718b7277e4fa719"},"/home/samuel/FUTEBOLTRYBER/Trybe-Futebol-Clube/backend/src/database/modelsSequelize/match.ts":{"path":"/home/samuel/FUTEBOLTRYBER/Trybe-Futebol-Clube/backend/src/database/modelsSequelize/match.ts","statementMap":{"0":{"start":{"line":2,"column":0},"end":{"line":2,"column":62}},"1":{"start":{"line":3,"column":20},"end":{"line":3,"column":40}},"2":{"start":{"line":4,"column":11},"end":{"line":4,"column":23}},"3":{"start":{"line":5,"column":15},"end":{"line":5,"column":32}},"4":{"start":{"line":9,"column":8},"end":{"line":9,"column":28}},"5":{"start":{"line":10,"column":8},"end":{"line":13,"column":10}},"6":{"start":{"line":11,"column":29},"end":{"line":11,"column":58}},"7":{"start":{"line":12,"column":12},"end":{"line":12,"column":28}},"8":{"start":{"line":14,"column":8},"end":{"line":17,"column":10}},"9":{"start":{"line":15,"column":34},"end":{"line":15,"column":123}},"10":{"start":{"line":16,"column":12},"end":{"line":16,"column":31}},"11":{"start":{"line":18,"column":8},"end":{"line":21,"column":10}},"12":{"start":{"line":19,"column":32},"end":{"line":19,"column":92}},"13":{"start":{"line":20,"column":12},"end":{"line":20,"column":31}},"14":{"start":{"line":24,"column":0},"end":{"line":58,"column":3}},"15":{"start":{"line":59,"column":0},"end":{"line":59,"column":75}},"16":{"start":{"line":60,"column":0},"end":{"line":60,"column":75}},"17":{"start":{"line":61,"column":0},"end":{"line":61,"column":76}},"18":{"start":{"line":62,"column":0},"end":{"line":62,"column":76}},"19":{"start":{"line":63,"column":0},"end":{"line":63,"column":24}}},"fnMap":{"0":{"name":"(anonymous_0)","decl":{"start":{"line":8,"column":4},"end":{"line":8,"column":5}},"loc":{"start":{"line":8,"column":18},"end":{"line":22,"column":5}},"line":8},"1":{"name":"(anonymous_1)","decl":{"start":{"line":10,"column":25},"end":{"line":10,"column":26}},"loc":{"start":{"line":10,"column":46},"end":{"line":13,"column":9}},"line":10},"2":{"name":"(anonymous_2)","decl":{"start":{"line":14,"column":27},"end":{"line":14,"column":28}},"loc":{"start":{"line":14,"column":75},"end":{"line":17,"column":9}},"line":14},"3":{"name":"(anonymous_3)","decl":{"start":{"line":18,"column":27},"end":{"line":18,"column":28}},"loc":{"start":{"line":18,"column":41},"end":{"line":21,"column":9}},"line":18}},"branchMap":{},"s":{"0":1,"1":1,"2":1,"3":1,"4":1,"5":1,"6":0,"7":0,"8":1,"9":0,"10":0,"11":1,"12":0,"13":0,"14":1,"15":1,"16":1,"17":1,"18":1,"19":1},"f":{"0":1,"1":0,"2":0,"3":0},"b":{},"inputSourceMap":{"version":3,"file":"/home/samuel/FUTEBOLTRYBER/Trybe-Futebol-Clube/backend/src/database/modelsSequelize/match.ts","sources":["/home/samuel/FUTEBOLTRYBER/Trybe-Futebol-Clube/backend/src/database/modelsSequelize/match.ts"],"names":[],"mappings":";;AAAA,yCAA6C;AAE7C,wBAAmB;AACnB,iCAA0B;AAE1B,yCAAyC;AAEzC,MAAM,KAAM,SAAQ,iBAAK;IAAzB;;QACE,cAAS,GAAG,KAAK,EAAE,SAAoB,EAAE,EAAE;YACzC,MAAM,QAAQ,GAAG,MAAM,KAAK,CAAC,MAAM,CAAC,SAAS,CAAC,CAAC;YAC/C,OAAO,QAAQ,CAAC;QAClB,CAAC,CAAC;QAEF,gBAAW,GAAG,KAAK,EAAE,EAAU,EAAE,EAAE,aAAa,EAAE,aAAa,EAAmB,EAAE,EAAE;YACpF,MAAM,CAAC,WAAW,CAAC,GAAG,MAAM,KAAK,CAAC,MAAM,CACtC,EAAE,aAAa,EAAE,aAAa,EAAE,EAChC,EAAE,KAAK,EAAE,EAAE,EAAE,EAAE,UAAU,EAAE,IAAI,EAAE,EAAE,CACpC,CAAC;YACF,OAAO,WAAW,CAAC;QACrB,CAAC,CAAC;QAEF,gBAAW,GAAG,KAAK,EAAE,EAAU,EAAE,EAAE;YACjC,MAAM,WAAW,GAAG,MAAM,KAAK,CAAC,MAAM,CAAC,EAAE,UAAU,EAAE,KAAK,EAAE,EAAE,EAAE,KAAK,EAAE,EAAE,EAAE,EAAE,EAAE,CAAC,CAAC;YACjF,OAAO,WAAW,CAAC;QACrB,CAAC,CAAC;IAaJ,CAAC;CAAA;AAED,KAAK,CAAC,IAAI,CAAC;IACT,YAAY;IACZ,EAAE,EAAE;QACF,IAAI,EAAE,qBAAS,CAAC,OAAO;QACvB,SAAS,EAAE,KAAK;QAChB,aAAa,EAAE,IAAI;QACnB,UAAU,EAAE,IAAI;KAEjB;IACD,QAAQ,EAAE;QACR,IAAI,EAAE,qBAAS,CAAC,OAAO;QACvB,SAAS,EAAE,KAAK;KACjB;IACD,aAAa,EAAE;QACb,IAAI,EAAE,qBAAS,CAAC,OAAO;QACvB,SAAS,EAAE,KAAK;KACjB;IACD,QAAQ,EAAE;QACR,IAAI,EAAE,qBAAS,CAAC,OAAO;QACvB,SAAS,EAAE,KAAK;KACjB;IACD,aAAa,EAAE;QACb,IAAI,EAAE,qBAAS,CAAC,OAAO;QACvB,SAAS,EAAE,KAAK;KACjB;IACD,UAAU,EAAE;QACV,IAAI,EAAE,qBAAS,CAAC,OAAO;QACvB,SAAS,EAAE,KAAK;KACjB;CACF,EAAE;IACD,WAAW,EAAE,IAAI;IACjB,SAAS,EAAE,UAAE;IACb,SAAS,EAAE,OAAO;IAClB,SAAS,EAAE,QAAQ;IACnB,UAAU,EAAE,KAAK;CAClB,CAAC,CAAC;AAEH,cAAI,CAAC,OAAO,CAAC,KAAK,EAAE,EAAE,UAAU,EAAE,UAAU,EAAE,EAAE,EAAE,WAAW,EAAE,CAAC,CAAC;AACjE,cAAI,CAAC,OAAO,CAAC,KAAK,EAAE,EAAE,UAAU,EAAE,UAAU,EAAE,EAAE,EAAE,WAAW,EAAE,CAAC,CAAC;AAEjE,KAAK,CAAC,SAAS,CAAC,cAAI,EAAE,EAAE,UAAU,EAAE,UAAU,EAAE,EAAE,EAAE,UAAU,EAAE,CAAC,CAAC;AAClE,KAAK,CAAC,SAAS,CAAC,cAAI,EAAE,EAAE,UAAU,EAAE,UAAU,EAAE,EAAE,EAAE,UAAU,EAAE,CAAC,CAAC;AAElE,kBAAe,KAAK,CAAC","sourcesContent":["import { DataTypes, Model } from 'sequelize';\nimport { IMatchReq } from '../../interfaces/match';\nimport db from '.';\nimport Club from './club';\nimport IUpdateGoalsReq from '../../interfaces/match/IUpdateGoals';\n// import OtherModel from './OtherModel';\n\nclass Match extends Model {\n  saveMatch = async (matchInfo: IMatchReq) => {\n    const newMatch = await Match.create(matchInfo);\n    return newMatch;\n  };\n\n  updateMatch = async (id: number, { homeTeamGoals, awayTeamGoals }: IUpdateGoalsReq) => {\n    const [updateMatch] = await Match.update(\n      { homeTeamGoals, awayTeamGoals },\n      { where: { id, inProgress: true } },\n    );\n    return updateMatch;\n  };\n\n  finishMatch = async (id: number) => {\n    const finishMatch = await Match.update({ inProgress: false }, { where: { id } });\n    return finishMatch;\n  };\n\n  public id: number;\n\n  public homeTeam: number;\n\n  public homeTeamGoals: number;\n\n  public awayTeam: number;\n\n  public awayTeamGoals: number;\n\n  public inProgress: boolean;\n}\n\nMatch.init({\n  // ... Campo\n  id: {\n    type: DataTypes.INTEGER,\n    allowNull: false,\n    autoIncrement: true,\n    primaryKey: true,\n\n  },\n  homeTeam: {\n    type: DataTypes.INTEGER,\n    allowNull: false,\n  },\n  homeTeamGoals: {\n    type: DataTypes.INTEGER,\n    allowNull: false,\n  },\n  awayTeam: {\n    type: DataTypes.INTEGER,\n    allowNull: false,\n  },\n  awayTeamGoals: {\n    type: DataTypes.INTEGER,\n    allowNull: false,\n  },\n  inProgress: {\n    type: DataTypes.BOOLEAN,\n    allowNull: false,\n  },\n}, {\n  underscored: true,\n  sequelize: db,\n  modelName: 'Match',\n  tableName: 'matchs',\n  timestamps: false,\n});\n\nClub.hasMany(Match, { foreignKey: 'homeTeam', as: 'homeMatch' });\nClub.hasMany(Match, { foreignKey: 'awayTeam', as: 'awayMatch' });\n\nMatch.belongsTo(Club, { foreignKey: 'homeTeam', as: 'homeClub' });\nMatch.belongsTo(Club, { foreignKey: 'awayTeam', as: 'awayClub' });\n\nexport default Match;\n"]},"_coverageSchema":"1a1c01bbd47fc00a2c39e90264f33305004495a9","hash":"81e1beb0a1279dcfc0ae5a86f0e991b8c52280ad","contentHash":"d719cccdfd2e8547572d8e58e152fa959f9e24180356e55e55f4ad8e9e7ae83d"},"/home/samuel/FUTEBOLTRYBER/Trybe-Futebol-Clube/backend/src/services/Match/GetMatchsByProgress.ts":{"path":"/home/samuel/FUTEBOLTRYBER/Trybe-Futebol-Clube/backend/src/services/Match/GetMatchsByProgress.ts","statementMap":{"0":{"start":{"line":2,"column":0},"end":{"line":2,"column":62}},"1":{"start":{"line":3,"column":15},"end":{"line":3,"column":61}},"2":{"start":{"line":4,"column":16},"end":{"line":4,"column":63}},"3":{"start":{"line":7,"column":8},"end":{"line":7,"column":41}},"4":{"start":{"line":8,"column":8},"end":{"line":8,"column":43}},"5":{"start":{"line":11,"column":8},"end":{"line":19,"column":9}},"6":{"start":{"line":12,"column":27},"end":{"line":17,"column":14}},"7":{"start":{"line":18,"column":12},"end":{"line":18,"column":26}},"8":{"start":{"line":20,"column":35},"end":{"line":26,"column":10}},"9":{"start":{"line":27,"column":8},"end":{"line":27,"column":34}},"10":{"start":{"line":30,"column":0},"end":{"line":30,"column":39}}},"fnMap":{"0":{"name":"(anonymous_0)","decl":{"start":{"line":6,"column":4},"end":{"line":6,"column":5}},"loc":{"start":{"line":6,"column":18},"end":{"line":9,"column":5}},"line":6},"1":{"name":"(anonymous_1)","decl":{"start":{"line":10,"column":4},"end":{"line":10,"column":5}},"loc":{"start":{"line":10,"column":29},"end
[...]
MAAM,CAAC,CAAC,CAAC,IAAI,CAAC,WAAW,GAAG,CAAC,IAAI,CAAC,UAAU,GAAG,CAAC,CAAC,CAAC,GAAG,GAAG,CAAC,CAAC,OAAO,CAAC,CAAC,CAAC,CAAC,CAAC;IAC1F,CAAC;IAED,KAAK,CAAC,YAAY;QAChB,OAAO,IAAI,CAAC,OAAO,CAAC;IACtB,CAAC;CACF;AAED,MAAM,aAAa,GAAG,CAAC,OAAwB,EAAE,EAAE,CAAC,CAAC,EAAE,IAAI,EAAE,OAAO,CAAC,IAAI;IACvE,WAAW,EAAE,OAAO,CAAC,WAAW;IAChC,UAAU,EAAE,OAAO,CAAC,UAAU;IAC9B,cAAc,EAAE,OAAO,CAAC,cAAc;IACtC,UAAU,EAAE,OAAO,CAAC,UAAU;IAC9B,WAAW,EAAE,OAAO,CAAC,WAAW;IAChC,UAAU,EAAE,OAAO,CAAC,UAAU;IAC9B,QAAQ,EAAE,OAAO,CAAC,QAAQ;IAC1B,YAAY,EAAE,OAAO,CAAC,YAAY;IAClC,UAAU,EAAE,OAAO,CAAC,UAAU,EAAE,CAAC,CAAC;AAEpC,SAAS,SAAS,CAAC,IAAoB,EAAE,GAAa;IACpD,OAAO,IAAI,CAAC,OAAO,CAAC,CAAC,IAAI,EAAE,EAAE;QAC3B,GAAG,CAAC,QAAQ,CAAC,CAAC,CAAC,CAAC;QAAC,GAAG,CAAC,aAAa,CAAC,IAAI,CAAC,UAAU,CAAC,CAAC;QAAC,GAAG,CAAC,WAAW,CAAC,IAAI,CAAC,QAAQ,CAAC,CAAC;QACpF,IAAI,IAAI,CAAC,OAAO,KAAK,SAAS;YAAE,GAAG,CAAC,SAAS,CAAC,CAAC,CAAC,CAAC;QACjD,IAAI,IAAI,CAAC,OAAO,KAAK,SAAS;YAAE,GAAG,CAAC,QAAQ,CAAC,CAAC,CAAC,CAAC;QAChD,IAAI,IAAI,CAAC,OAAO,KAAK,SAAS;YAAE,GAAG,CAAC,UAAU,CAAC,CAAC,CAAC,CAAC;QAClD,GAAG,CAAC,UAAU,EAAE,CAAC;QAAC,GAAG,CAAC,gBAAgB,EAAE,CAAC;QAAC,GAAG,CAAC,cAAc,EAAE,CAAC;IACjE,CAAC,CAAC,CAAC;AACL,CAAC;AAED,KAAK,UAAU,QAAQ,CAAC,IAAoB;IAC1C,MAAM,SAAS,GAAG,MAAM,WAAW,EAAyB,CAAC;IAC7D,MAAM,GAAG,GAAG,EAAkC,CAAC;IAC/C,KAAK,IAAI,CAAC,GAAG,CAAC,EAAE,CAAC,GAAG,SAAS,CAAC,MAAM,EAAE,CAAC,IAAI,CAAC,EAAE;QAC5C,MAAM,KAAK,GAAG,IAAI,QAAQ,CAAC,SAAS,CAAC,CAAC,CAAC,CAAC,CAAC;QACzC,MAAM,YAAY,GAAG,IAAI,CAAC,MAAM,CAAC,CAAC,IAAI,EAAE,EAAE,CAAC,IAAI,CAAC,IAAI,KAAK,KAAK,CAAC,IAAI,CAAC,CAAC;QACrE,SAAS,CAAC,YAAY,EAAE,KAAK,CAAC,CAAC;QAC/B,GAAG,CAAC,IAAI,CAAC,aAAa,CAAC,KAAK,CAAC,CAAC,CAAC;KAChC;IACD,OAAO,GAAG,CAAC;AACb,CAAC;AA0BQ,4BAAQ;AAxBjB,KAAK,UAAU,YAAY,CAAC,IAAoB;IAC9C,MAAM,SAAS,GAAG,MAAM,WAAW,EAAyB,CAAC;IAC7D,MAAM,GAAG,GAAG,EAAkC,CAAC;IAC/C,KAAK,IAAI,CAAC,GAAG,CAAC,EAAE,CAAC,GAAG,SAAS,CAAC,MAAM,EAAE,CAAC,IAAI,CAAC,EAAE;QAC5C,MAAM,KAAK,GAAG,IAAI,QAAQ,CAAC,SAAS,CAAC,CAAC,CAAC,CAAC,CAAC;QACzC,MAAM,YAAY,GAAG,IAAI,CAAC,MAAM,CAAC,CAAC,IAAI,EAAE,EAAE,CAAC,IAAI,CAAC,IAAI,KAAK,KAAK,CAAC,IAAI,IAAI,IAAI,CAAC,KAAK,KAAK,MAAM,CAAC,CAAC;QAC9F,SAAS,CAAC,YAAY,EAAE,KAAK,CAAC,CAAC;QAC/B,GAAG,CAAC,IAAI,CAAC,aAAa,CAAC,KAAK,CAAC,CAAC,CAAC;KAChC;IACD,OAAO,GAAG,CAAC;AACb,CAAC;AAckB,oCAAY;AAZ/B,KAAK,UAAU,YAAY,CAAC,IAAoB;IAC9C,MAAM,SAAS,GAAG,MAAM,WAAW,EAAyB,CAAC;IAC7D,MAAM,GAAG,GAAG,EAAkC,CAAC;IAC/C,KAAK,IAAI,CAAC,GAAG,CAAC,EAAE,CAAC,GAAG,SAAS,CAAC,MAAM,EAAE,CAAC,IAAI,CAAC,EAAE;QAC5C,MAAM,KAAK,GAAG,IAAI,QAAQ,CAAC,SAAS,CAAC,CAAC,CAAC,CAAC,CAAC;QACzC,MAAM,YAAY,GAAG,IAAI,CAAC,MAAM,CAAC,CAAC,IAAI,EAAE,EAAE,CAAC,IAAI,CAAC,IAAI,KAAK,KAAK,CAAC,IAAI,IAAI,IAAI,CAAC,KAAK,KAAK,MAAM,CAAC,CAAC;QAC9F,SAAS,CAAC,YAAY,EAAE,KAAK,CAAC,CAAC;QAC/B,GAAG,CAAC,IAAI,CAAC,aAAa,CAAC,KAAK,CAAC,CAAC,CAAC;KAChC;IACD,OAAO,GAAG,CAAC;AACb,CAAC;AAEgC,oCAAY","sourcesContent":["import ILeaderBoardRes from '../interfaces/leaderBoard/leaderBoardRes';\nimport Club from '../database/modelsSequelize/club';\nimport ILeaderBoard from '../interfaces/leaderBoard/leaderBoardQuery';\n\nasync function allNameClub() {\n  const clubs = await Club.findAll();\n  const names = clubs.map((each) => each.clubName);\n  return names;\n}\n\nclass TeamData {\n  name: string;\n\n  totalPoints = 0;\n\n  totalGames = 0;\n\n  totalVictories = 0;\n\n  totalDraws = 0;\n\n  totalLosses = 0;\n\n  goalsFavor = 0;\n\n  goalsOwn = 0;\n\n  goalsBalance = 0;\n\n  efficiency = 0;\n\n  results: ILeaderBoardRes;\n\n  constructor(name: string) {\n    this.name = name;\n    this.results = {\n      name: this.name,\n      totalPoints: this.totalPoints,\n      totalGames: this.totalGames,\n      totalVictories: this.totalVictories,\n      totalDraws: this.totalDraws,\n      totalLosses: this.totalLosses,\n      goalsFavor: this.goalsFavor,\n      goalsOwn: this.goalsOwn,\n      goalsBalance: this.goalsBalance,\n      efficiency: this.efficiency,\n    };\n  }\n\n  sumGames(game: number) {\n    this.totalGames += game;\n  }\n\n  sumVictory(victory: number) {\n    this.totalVictories += victory;\n  }\n\n  sumDraws(draws: number) {\n    this.totalDraws += draws;\n  }\n\n  sumLosses(loses: number) {\n    this.totalLosses += loses;\n  }\n\n  sumGoalsFavor(goalsFavor: number) {\n    this.goalsFavor += goalsFavor;\n  }\n\n  sumGoalsOwn(goalsOwn: number) {\n    this.goalsOwn += goalsOwn;\n  }\n\n  calcPoints() {\n    this.totalPoints = this.totalDraws + (this.totalVictories * 3);\n  }\n\n  calcGoalsBalance() {\n    this.goalsBalance = this.goalsFavor - this.goalsOwn;\n  }\n\n  calcEfficiency() {\n    this.efficiency = Number(((this.totalPoints / (this.totalGames * 3)) * 100).toFixed(2));\n  }\n\n  async returnResult() {\n    return this.results;\n  }\n}\n\nconst returnobjetct = (paiload: ILeaderBoardRes) => ({ name: paiload.name,\n  totalPoints: paiload.totalPoints,\n  totalGames: paiload.totalGames,\n  totalVictories: paiload.totalVictories,\n  totalDraws: paiload.totalDraws,\n  totalLosses: paiload.totalLosses,\n  goalsFavor: paiload.goalsFavor,\n  goalsOwn: paiload.goalsOwn,\n  goalsBalance: paiload.goalsBalance,\n  efficiency: paiload.efficiency });\n\nfunction eachArray(arra: ILeaderBoard[], cla: TeamData) {\n  return arra.forEach((each) => {\n    cla.sumGames(1); cla.sumGoalsFavor(each.goalsFavor); cla.sumGoalsOwn(each.goalsOwn);\n    if (each.RESULTS === 'DERROTA') cla.sumLosses(1);\n    if (each.RESULTS === 'EMPATOU') cla.sumDraws(1);\n    if (each.RESULTS === 'VITORIA') cla.sumVictory(1);\n    cla.calcPoints(); cla.calcGoalsBalance(); cla.calcEfficiency();\n  });\n}\n\nasync function makeList(obje: ILeaderBoard[]) {\n  const namesClub = await allNameClub() as unknown as string[];\n  const arr = [] as unknown as ILeaderBoardRes[];\n  for (let i = 0; i < namesClub.length; i += 1) {\n    const teamg = new TeamData(namesClub[i]);\n    const todosJogosUm = obje.filter((each) => each.name === teamg.name);\n    eachArray(todosJogosUm, teamg);\n    arr.push(returnobjetct(teamg));\n  }\n  return arr;\n}\n\nasync function makeListHome(obje: ILeaderBoard[]) {\n  const namesClub = await allNameClub() as unknown as string[];\n  const arr = [] as unknown as ILeaderBoardRes[];\n  for (let i = 0; i < namesClub.length; i += 1) {\n    const teamg = new TeamData(namesClub[i]);\n    const todosJogosUm = obje.filter((each) => each.name === teamg.name && each.Local === 'CASA');\n    eachArray(todosJogosUm, teamg);\n    arr.push(returnobjetct(teamg));\n  }\n  return arr;\n}\n\nasync function makeListAway(obje: ILeaderBoard[]) {\n  const namesClub = await allNameClub() as unknown as string[];\n  const arr = [] as unknown as ILeaderBoardRes[];\n  for (let i = 0; i < namesClub.length; i += 1) {\n    const teamg = new TeamData(namesClub[i]);\n    const todosJogosUm = obje.filter((each) => each.name === teamg.name && each.Local === 'FORA');\n    eachArray(todosJogosUm, teamg);\n    arr.push(returnobjetct(teamg));\n  }\n  return arr;\n}\n\nexport { makeList, makeListHome, makeListAway };\n"]},"_coverageSchema":"1a1c01bbd47fc00a2c39e90264f33305004495a9","hash":"407d77e7f4b2ab90e8e5e1a156609a7463e792cf","contentHash":"2750f0e1e3aba08d4c913e70b1a5b0ddb83812a5952be31af2fdede124eaac02"},"/home/samuel/FUTEBOLTRYBER/Trybe-Futebol-Clube/backend/src/services/LeaderBoard/ServiceLeaderBoard.ts":{"path":"/home/samuel/FUTEBOLTRYBER/Trybe-Futebol-Clube/backend/src/services/LeaderBoard/ServiceLeaderBoard.ts","statementMap":{"0":{"start":{"line":2,"column":0},"end":{"line":2,"column":62}},"1":{"start":{"line":3,"column":16},"end":{"line":3,"column":38}},"2":{"start":{"line":6,"column":8},"end":{"line":6,"column":43}},"3":{"start":{"line":9,"column":28},"end":{"line":9,"column":50}},"4":{"start":{"line":10,"column":8},"end":{"line":10,"column":27}},"5":{"start":{"line":13,"column":0},"end":{"line":13,"column":43}}},"fnMap":{"0":{"name":"(anonymous_0)","decl":{"start":{"line":5,"column":4},"end":{"line":5,"column":5}},"loc":{"start":{"line":5,"column":18},"end":{"line":7,"column":5}},"line":5},"1":{"name":"(anonymous_1)","decl":{"start":{"line":8,"column":4},"end":{"line":8,"column":5}},"loc":{"start":{"line":8,"column":19},"end":{"line":11,"column":5}},"line":8}},"branchMap":{},"s":{"0":1,"1":1,"2":1,"3":0,"4":0,"5":1},"f":{"0":1,"1":0},"b":{},"inputSourceMap":{"version":3,"file":"/home/samuel/FUTEBOLTRYBER/Trybe-Futebol-Clube/backend/src/services/LeaderBoard/ServiceLeaderBoard.ts","sources":["/home/samuel/FUTEBOLTRYBER/Trybe-Futebol-Clube/backend/src/services/LeaderBoard/ServiceLeaderBoard.ts"],"names":[],"mappings":";;AAAA,uCAAwC;AAExC,MAAM,wBAAwB;IAA9B;QACU,cAAS,GAAG,iBAAS,CAAC;IAOhC,CAAC;IALC,KAAK,CAAC,MAAM;QACV,MAAM,WAAW,GAAG,MAAM,IAAI,CAAC,SAAS,EAAE,CAAC;QAE3C,OAAO,WAAW,CAAC;IACrB,CAAC;CACF;AAED,kBAAe,wBAAwB,CAAC","sourcesContent":["import { makeQuery } from '../../utils';\n\nclass ServiceLeaderBoardGetAll {\n  private makeQuery = makeQuery;\n\n  async handle() {\n    const leaderBoard = await this.makeQuery();\n\n    return leaderBoard;\n  }\n}\n\nexport default ServiceLeaderBoardGetAll;\n"]},"_coverageSchema":"1a1c01bbd47fc00a2c39e90264f33305004495a9","hash":"95af169482fee13d368bf3ceea77c8b2383a8dd8","contentHash":"ac78cded39246221883f697193dc93e194ac582b9f73ce33411ad6ffd37504bb"},"/home/samuel/FUTEBOLTRYBER/Trybe-Futebol-Clube/backend/src/utils/index.ts":{"path":"/home/samuel/FUTEBOLTRYBER/Trybe-Futebol-Clube/backend/src/utils/index.ts","statementMap":{"0":{"start":{"line":2,"column":0},"end":{"line":2,"column":62}},"1":{"start":{"line":3,"column":0},"end":{"line":3,"column":167}},"2":{"start":{"line":4,"column":19},"end":{"line":4,"column":42}},"3":{"start":{"line":5,"column":0},"end":{"line":5,"column":118}},"4":{"start":{"line":5,"column":84},"end":{"line":5,"column":112}},"5":{"start":{"line":6,"column":19},"end":{"line":6,"column":42}},"6":{"start":{"line":7,"column":0},"end":{"line":7,"column":118}},"7":{"start":{"line":7,"column":84},"end":{"line":7,"column":112}},"8":{"start":{"line":8,"column":18},"end":{"line":8,"column":40}},"9":{"start":{"line":9,"column":0},"end":{"line":9,"column":116}},"10":{"start":{"line":9,"column":83},"end":{"line":9,"column":110}},"11":{"start":{"line":10,"column":17},"end":{"line":10,"column":38}},"12":{"start":{"line":11,"column":0},"end":{"line":11,"column":115}},"13":{"start":{"line":11,"column":82},"end":{"line":11,"column":109}},"14":{"start":{"line":12,"column":0},"end":{"line":12,"column":123}},"15":{"start":{"line":12,"column":86},"end":{"line":12,"column":117}},"16":{"start":{"line":13,"column":0},"end":{"line":13,"column":123}},"17":{"start":{"line":13,"column":86},"end":{"line":13,"column":117}},"18":{"start":{"line":14,"column":14},"end":{"line":14,"column":32}},"19":{"start":{"line":15,"column":0},"end":{"line":15,"column":106}},"20":{"start":{"line":15,"column":79},"end":{"line":15,"column":100}},"21":{"start":{"line":16,"column":0},"end":{"line":16,"column":108}},"22":{"start":{"line":16,"column":80},"end":{"line":16,"column":102}}},"fnMap":{"0":{"name":"(anonymous_0)","decl":{"start":{"line":5,"column":70},"end":{"line":5,"column":71}},"loc":{"start":{"line":5,"column":82},"end":{"line":5,"column":114}},"line":5},"1":{"name":"(anonymous_1)","decl":{"start":{"line":7,"column":70},"end":{"line":7,"column":71}},"loc":{"start":{"line":7,"column":82},"end":{"line":7,"column":114}},"line":7},"2":{"name":"(anonymous_2)","decl":{"start":{"line":9,"column":69},"end":{"line":9,"column":70}},"loc":{"start":{"line":9,"column":81},"end":{"line":9,"column":112}},"line":9},"3":{"name":"(anonymous_3)","decl":{"start":{"line":11,"column":68},"end":{"line":11,"column":69}},"loc":{"start":{"line":11,"column":80},"end":{"line":11,"column":111}},"line":11},"4":{"name":"(anonymous_4)","decl":{"start":{"line":12,"column":72},"end":{"line":12,"column":73}},"loc":{"start":{"line":12,"column":84},"end":{"line":12,"column":119}},"line":12},"5":{"name":"(anonymous_5)","decl":{"start":{"line":13,"column":72},"end":{"line":13,"column":73}},"loc":{"start":{"line":13,"column":84},"end":{"line":13,"column":119}},"line":13},"6":{"name":"(anonymous_6)","decl":{"start":{"line":15,"column":65},"end":{"line":15,"column":66}},"loc":{"start":{"line":15,"column":77},"end":{"line":15,"column":102}},"line":15},"7":{"name":"(anonymous_7)","decl":{"start":{"line":16,"column":66},"end":{"line":16,"column":67}},"loc":{"start":{"line":16,"column":78},"end":{"line":16,"column":104}},"line":16}},"branchMap":{},"s":{"0":1,"1":1,"2":1,"3":1,"4":0,"5":1,"6":1,"7":0,"8":1,"9":1,"10":1,"11":1,"12":1,"13":0,"14":1,"15":0,"16":1,"17":0,"18":1,"19":1,"20":0,"21":1,"22":0},"f":{"0":0,"1":0,"2":1,"3":0,"4":0,"5":0,"6":0,"7":0},"b":{},"inputSourceMap":{"version":3,"file":"/home/samuel/FUTEBOLTRYBER/Trybe-Futebol-Clube/backend/src/utils/index.ts","sources":["/home/samuel/FUTEBOLTRYBER/Trybe-Futebol-Clube/backend/src/utils/index.ts"],"names":[],"mappings":";;;AAAA,2CAAqD;AAA5C,wGAAA,OAAO,OAAc;AAC9B,2CAAqD;AAA5C,wGAAA,OAAO,OAAc;AAC9B,yCAAmD;AAA1C,sGAAA,OAAO,OAAa;AAC7B,uCAAkE;AAAzD,oGAAA,QAAQ,OAAA;AAAE,wGAAA,YAAY,OAAA;AAAE,wGAAA,YAAY,OAAA;AAC7C,iCAAwC;AAA/B,8FAAA,KAAK,OAAA;AAAE,+FAAA,MAAM,OAAA","sourcesContent":["export { default as JwtMethods } from './jwtMethods';\nexport { default as statusCode } from './statusCode';\nexport { default as makeQuery } from './makeQuery';\nexport { makeList, makeListHome, makeListAway } from './makeList';\nexport { query, meusql } from './query';\n"]},"_coverageSchema":"1a1c01bbd47fc00a2c39e90264f33305004495a9","hash":"af6cc805538e3cb0f83c8c361de5792612fcef30","contentHash":"1248af6d313e3ece65de5a746545875107c8df9210076bc209909c5f0deff75e"},"/home/samuel/FUTEBOLTRYBER/Trybe-Futebol-Clube/backend/src/utils/makeQuery.ts":{"path":"/home/samuel/FUTEBOLTRYBER/Trybe-Futebol-Clube/backend/src/utils/makeQuery.ts","statementMap":{"0":{"start":{"line":2,"column":0},"end":{"line":2,"column":62}},"1":{"start":{"line":3,"column":16},"end":{"line":3,"column":34}},"2":{"start":{"line":5,"column":20},"end":{"line":5,"column":63}},"3":{"start":{"line":6,"column":19},"end":{"line":6,"column":24}},"4":{"start":{"line":7,"column":4},"end":{"line":7,"column":18}},"5":{"start":{"line":9,"column":0},"end":{"line":9,"column":28}}},"fnMap":{"0":{"name":"makeQuery","decl":{"start":{"line":4,"column":15},"end":{"line":4,"column":24}},"loc":{"start":{"line":4,"column":27},"end":{"line":8,"column":1}},"line":4}},"branchMap":{},"s":{"0":1,"1":1,"2":0,"3":0,"4":0,"5":1},"f":{"0":0},"b":{},"inputSourceMap":{"version":3,"file":"/home/samuel/FUTEBOLTRYBER/Trybe-Futebol-Clube/backend/src/utils/makeQuery.ts","sources":["/home/samuel/FUTEBOLTRYBER/Trybe-Futebol-Clube/backend/src/utils/makeQuery.ts"],"names":[],"mappings":";;AACA,mCAAwC;AAExC,KAAK,UAAU,SAAS;IACtB,MAAM,CAAC,KAAK,CAAC,GAAG,MAAM,cAAM,CAAC,OAAO,CAAC,aAAK,CAAC,CAAC;IAC5C,MAAM,MAAM,GAAG,KAAuC,CAAC;IACvD,OAAO,MAAM,CAAC;AAChB,CAAC;AAED,kBAAe,SAAS,CAAC","sourcesContent":["import ILeaderBoardQuery from '../interfaces/leaderBoard/leaderBoardQuery';\nimport { meusql, query } from './query';\n\nasync function makeQuery() {\n  const [resut] = await meusql.execute(query);\n  const result = resut as unknown as ILeaderBoardQuery[];\n  return result;\n}\n\nexport default makeQuery;\n"]},"_coverageSchema":"1a1c01bbd47fc00a2c39e90264f33305004495a9","hash":"a4a137607388caca511a8e8f5247c4cff0e2348c","contentHash":"0be62f1f2944afa3dea3ad84a939afa548c96730b3a267fef12975571f89443e"},"/home/samuel/FUTEBOLTRYBER/Trybe-Futebol-Clube/backend/src/utils/query.ts":{"path":"/home/samuel/FUTEBOLTRYBER/Trybe-Futebol-Clube/backend/src/utils/query.ts","statementMap":{"0":{"start":{"line":2,"column":0},"end":{"line":2,"column":62}},"1":{"start":{"line":3,"column":0},"end":{"line":3,"column":40}},"2":{"start":{"line":4,"column":14},"end":{"line":4,"column":39}},"3":{"start":{"line":5,"column":15},"end":{"line":5,"column":32}},"4":{"start":{"line":6,"column":0},"end":{"line":6,"column":16}},"5":{"start":{"line":7,"column":13},"end":{"line":7,"column":32}},"6":{"start":{"line":8,"column":15},"end":{"line":14,"column":2}},"7":{"start":{"line":15,"column":0},"end":{"line":15,"column":24}},"8":{"start":{"line":16,"column":14},"end":{"line":49,"column":15}},"9":{"start":{"line":50,"column":0},"end":{"line":50,"column":22}}},"fnMap":{},"branchMap":{"0":{"loc":{"start":{"line":9,"column":10},"end":{"line":9,"column":39}},"type":"binary-expr","locations":[{"start":{"line":9,"column":10},"end":{"line":9,"column":29}},{"start":{"line":9,"column":33},"end":{"line":9,"column":39}}],"line":9},"1":{"loc":{"start":{"line":10,"column":14},"end":{"line":10,"column":45}},"type":"binary-expr","locations":[{"start":{"line":10,"column":14},"end":{"line":10,"column":33}},{"start":{"line":10,"column":37},"end":{"line":10,"column":45}}],"line":10},"2":{"loc":{"start":{"line":11,"column":14},"end":{"line":11,"column":58}},"type":"binary-expr","locations":[{"start":{"line":11,"column":14},"end":{"line":11,"column":33}},{"start":{"line":11,"column":37},"end":{"line":11,"column":58}}],"line":11},"3":{"loc":{"start":{"line":12,"column":10},"end":{"line":12,"column":44}},"type":"binary-expr","locations":[{"start":{"line":12,"column":10},"end":{"line":12,"column":29}},{"start":{"line":12,"column":33},"end":{"line":12,"column":44}}],"line":12},"4":{"loc":{"start":{"line":13,"column":10},"end":{"line":13,"column":22}},"type":"binary-expr","locations":[{"start":{"line":13,"column":10},"end":{"line":13,"column":14}},{"start":{"line":13,"column":18},"end":{"line":13,"column":22}}],"line":13}},"s":{"0":1,"1":1,"2":1,"3":1,"4":1,"5":1,"6":1,"7":1,"8":1,"9":1},"f":{},"b":{"0":[1,0],"1":[1,1],"2":[1,0],"3":[1,0],"4":[1,0]},"inputSourceMap":{"version":3,"file":"/home/samuel/FUTEBOLTRYBER/Trybe-Futebol-Clube/backend/src/utils/query.ts","sources":["/home/samuel/FUTEBOLTRYBER/Trybe-Futebol-Clube/backend/src/utils/query.ts"],"names":[],"mappings":";;;AAAA,wCAAwC;AAExC,iCAAkC;AAElC,MAAM,CAAC,MAAM,EAAE,CAAC;AAEhB,MAAM,IAAI,GAAG,OAAO,CAAC,GAAG,CAAC,OAA4B,CAAC;AAEtD,MAAM,MAAM,GAAG,KAAK,CAAC,UAAU,CAAC;IAC9B,IAAI,EAAE,OAAO,CAAC,GAAG,CAAC,OAAO,IAAI,MAAM;IACnC,QAAQ,EAAE,OAAO,CAAC,GAAG,CAAC,OAAO,IAAI,QAAQ;IACzC,QAAQ,EAAE,OAAO,CAAC,GAAG,CAAC,OAAO,IAAI,qBAAqB;IACtD,IAAI,EAAE,OAAO,CAAC,GAAG,CAAC,OAAO,IAAI,WAAW;IACxC,IAAI,EAAE,IAAI,IAAI,IAAI;CAEnB,CAAC,CAAC;AAqCa,wBAAM;AAnCtB,MAAM,KAAK,GAAG;;;;;;;;;;;;;;;;;;;;;;;;;;;;;;;;;eAiCC,CAAC;AAEP,sBAAK","sourcesContent":["import * as mysql from 'mysql2/promise';\n\nimport dotenv = require('dotenv');\n\ndotenv.config();\n\nconst PORT = process.env.DB_PORT as unknown as number;\n\nconst meusql = mysql.createPool({\n  user: process.env.DB_USER || 'root',\n  password: process.env.DB_PASS || '123456',\n  database: process.env.DB_NAME || 'TRYBE_FUTEBOL_CLUBE',\n  host: process.env.DB_HOST || 'localhost',\n  port: PORT || 3002,\n\n});\n\nconst query = `SELECT\nc.club_name as name,\nc.id,\nm.away_team_goals AS golsDefora,\nm.home_team_goals AS golsDeCasa,\nCASE\n    WHEN c.id = m.home_team THEN 'CASA'\n    ELSE 'FORA'\nEND AS 'Local',\nCASE\n    WHEN c.id = m.home_team THEN m.home_team_goals\n    ELSE m.away_team_goals\nEND AS 'goalsFavor',\n CASE\n    WHEN c.id = m.home_team THEN m.away_team_goals\n    ELSE m.home_team_goals\nEND AS 'goalsOwn',\nCASE\n    WHEN c.id = m.home_team AND m.home_team_goals > m.away_team_goals Then 'VITORIA'\n    WHEN c.id = m.home_team AND m.home_team_goals < m.away_team_goals THEN 'DERROTA'\n    WHEN c.id = m.away_team AND m.away_team_goals > m.home_team_goals THEN 'VITORIA'\n    WHEN c.id = m.away_team AND m.away_team_goals < m.home_team_goals THEN 'DERROTA'\n    when c.id = m.away_team and m.away_team_goals = m.home_team_goals THEN 'EMPATOU'\n    when c.id = m.home_team and m.away_team_goals = m.home_team_goals THEN 'EMPATOU'\nEND AS 'RESULTS'\nFROM\nclubs AS c\n    JOIN\nmatchs AS m\nWHERE\n(c.id = m.away_team OR c.id = m.home_team)\n    AND in_progress = 0\nORDER BY c.id\nLIMIT 0 , 1000`;\n\nexport { query, meusql };\n"]},"_coverageSchema":"1a1c01bbd47fc00a2c39e90264f33305004495a9","hash":"5b8bd6b849502f79bde4325920462e2ff4718e40","contentHash":"c4b73c6bb7d85059ab2e35f7b8563e56a26c44ec03c2456a0ea45be38fff1a54"}}